Info: constrained 'CLK' to bel 'X0/Y16/io1'
Info: constrained 'LED[0]' to bel 'X7/Y33/io1'
Info: constrained 'LED[1]' to bel 'X6/Y33/io1'
Info: constrained 'LED[2]' to bel 'X5/Y33/io1'
Info: constrained 'LED[3]' to bel 'X4/Y33/io1'
Info: constrained 'LED[4]' to bel 'X4/Y33/io0'
Info: constrained 'LED[5]' to bel 'X3/Y33/io1'
Info: constrained 'LED[6]' to bel 'X3/Y33/io0'
Info: constrained 'LED[7]' to bel 'X1/Y33/io0'
Info: constrained 'UART_RX' to bel 'X24/Y33/io0'
Info: constrained 'UART_TX' to bel 'X24/Y33/io1'
Info: constrained 'RST' to bel 'X26/Y33/io1'

Info: Packing constants..
Info: Packing IOs..
Info: Packing LUT-FFs..
Info:     1285 LCs used as LUT4 only
Info:      614 LCs used as LUT4 and DFF
Info: Packing non-LUT FFs..
Info:      207 LCs used as DFF only
Info: Packing carries..
Info:       28 LCs used as CARRY only
Info: Packing RAMs..
Info: Placing PLLs..
Info:   constrained PLL 'sense_module_inst.clkgen_inst.uut' to X16/Y0/pll_3
Info: Packing special functions..
Info: Packing PLLs..
Info:   PLL 'sense_module_inst.clkgen_inst.uut' has LOCK output, need to pass all outputs via LUT
Info:   LUT strategy for LOCK: move all users to new LUT
Info:   constrained 'sense_module_inst.clkgen_inst.uut_PLL$nextpnr_LOCK_lut_through' to X1/Y1/lc0
Info: Promoting globals..
Info: promoting CLK$SB_IO_IN (fanout 670)
Info: promoting RST$SB_IO_IN [reset] (fanout 183)
Info: promoting sense_module_inst.clk48m (fanout 153)
Info: promoting sense_module_inst.aes_rst [reset] (fanout 143)
Info: promoting sense_module_inst.aes_inst.done_SB_DFFER_Q_D_SB_LUT4_I2_I3[1] [reset] (fanout 128)
Info: promoting uart_inst.rxrdyout_SB_LUT4_I2_O [cen] (fanout 128)
Info: promoting sense_module_inst.aes_inst.key_SB_DFFESS_Q_E [cen] (fanout 128)
Info: promoting sense_module_inst.aes_inst.subbytes_inst.wait_sub_SB_LUT4_I3_O [cen] (fanout 128)
Info: Constraining chains...
Info:       11 LCs used to legalise carry chains.
Info: Checksum: 0xfe6b439c

Info: Annotating ports with timing budgets for target frequency 48.00 MHz
Info: Checksum: 0x4d38ce25

Info: Device utilisation:
Info: 	         ICESTORM_LC:  2148/ 7680    27%
Info: 	        ICESTORM_RAM:     1/   32     3%
Info: 	               SB_IO:    12/  256     4%
Info: 	               SB_GB:     8/    8   100%
Info: 	        ICESTORM_PLL:     1/    2    50%
Info: 	         SB_WARMBOOT:     0/    1     0%

Info: Placed 14 cells based on constraints.
Info: Creating initial analytic placement for 1974 cells, random placement wirelen = 61880.
Info:     at initial placer iter 0, wirelen = 319
Info:     at initial placer iter 1, wirelen = 284
Info:     at initial placer iter 2, wirelen = 248
Info:     at initial placer iter 3, wirelen = 262
Info: Running main analytical placer.
Info:     at iteration #1, type ALL: wirelen solved = 241, spread = 15891, legal = 16243; time = 0.03s
Info:     at iteration #2, type ALL: wirelen solved = 721, spread = 10736, legal = 11616; time = 0.04s
Info:     at iteration #3, type ALL: wirelen solved = 1421, spread = 9596, legal = 10528; time = 0.06s
Info:     at iteration #4, type ALL: wirelen solved = 1999, spread = 9015, legal = 9885; time = 0.05s
Info:     at iteration #5, type ALL: wirelen solved = 2697, spread = 9065, legal = 9989; time = 0.04s
Info:     at iteration #6, type ALL: wirelen solved = 3591, spread = 8105, legal = 9222; time = 0.03s
Info:     at iteration #7, type ALL: wirelen solved = 4016, spread = 8434, legal = 9811; time = 0.04s
Info:     at iteration #8, type ALL: wirelen solved = 4673, spread = 8027, legal = 10063; time = 0.05s
Info:     at iteration #9, type ALL: wirelen solved = 4954, spread = 8165, legal = 9689; time = 0.04s
Info:     at iteration #10, type ALL: wirelen solved = 5335, spread = 8301, legal = 9893; time = 0.03s
Info:     at iteration #11, type ALL: wirelen solved = 5493, spread = 8367, legal = 9904; time = 0.03s
Info: HeAP Placer Time: 0.59s
Info:   of which solving equations: 0.36s
Info:   of which spreading cells: 0.04s
Info:   of which strict legalisation: 0.12s

Info: Running simulated annealing placer for refinement.
Info:   at iteration #1: temp = 0.000000, timing cost = 444, wirelen = 9222
Info:   at iteration #5: temp = 0.000000, timing cost = 427, wirelen = 8055
Info:   at iteration #10: temp = 0.000000, timing cost = 413, wirelen = 7648
Info:   at iteration #15: temp = 0.000000, timing cost = 392, wirelen = 7352
Info:   at iteration #20: temp = 0.000000, timing cost = 373, wirelen = 7142
Info:   at iteration #25: temp = 0.000000, timing cost = 385, wirelen = 7073
Info:   at iteration #26: temp = 0.000000, timing cost = 379, wirelen = 7065 
Info: SA placement time 1.34s

Info: Max frequency for clock             'CLK$SB_IO_IN_$glb_clk': 42.26 MHz (FAIL at 48.00 MHz)
Info: Max frequency for clock 'sense_module_inst.clk48m_$glb_clk': 44.81 MHz (FAIL at 48.00 MHz)

Info: Max delay <async>                                   -> posedge CLK$SB_IO_IN_$glb_clk            : 10.16 ns
Info: Max delay <async>                                   -> posedge sense_module_inst.clk48m_$glb_clk: 7.47 ns
Info: Max delay posedge CLK$SB_IO_IN_$glb_clk             -> <async>                                  : 3.24 ns
Info: Max delay posedge CLK$SB_IO_IN_$glb_clk             -> posedge sense_module_inst.clk48m_$glb_clk: 3.12 ns
Info: Max delay posedge CLK$SB_IO_IN_$glb_clk             -> negedge sense_module_inst.clk48m_$glb_clk: 11.51 ns
Info: Max delay negedge sense_module_inst.clk48m_$glb_clk -> <async>                                  : 2.63 ns

Info: Slack histogram:
Info:  legend: * represents 12 endpoint(s)
Info:          + represents [1,12) endpoint(s)
Info: [ -2830,  -1719) |+
Info: [ -1719,   -608) |**+
Info: [  -608,    503) |*****+
Info: [   503,   1614) |*****+
Info: [  1614,   2725) |********+
Info: [  2725,   3836) |******+
Info: [  3836,   4947) |****+
Info: [  4947,   6058) |*+
Info: [  6058,   7169) |+
Info: [  7169,   8280) |***************+
Info: [  8280,   9391) |*************+
Info: [  9391,  10502) |***+
Info: [ 10502,  11613) |*****+
Info: [ 11613,  12724) |******************+
Info: [ 12724,  13835) |*********************+
Info: [ 13835,  14946) |*********************************+
Info: [ 14946,  16057) |******************************+
Info: [ 16057,  17168) |**********************************+
Info: [ 17168,  18279) |*********************+
Info: [ 18279,  19390) |************************************************************ 
Info: Checksum: 0x0e18b2e8

Info: Routing..
Info: Setting up routing queue.
Info: Routing 7447 arcs.
Info:            |   (re-)routed arcs  |   delta    | remaining|       time spent     |
Info:    IterCnt |  w/ripup   wo/ripup |  w/r  wo/r |      arcs| batch(sec) total(sec)|
Info:       1000 |        6        846 |    6   846 |      6455|       0.05       0.05|
Info:       2000 |       54       1798 |   48   952 |      5519|       0.09       0.14|
Info:       3000 |      106       2746 |   52   948 |      4591|       0.24       0.38|
Info:       4000 |      226       3626 |  120   880 |      3800|       0.14       0.52|
Info:       5000 |      422       4430 |  196   804 |      3030|       0.12       0.64|
Info:       6000 |      606       5246 |  184   816 |      2340|       0.23       0.88|
Info:       7000 |      915       5937 |  309   691 |      1867|       0.19       1.07|
Info:       8000 |     1229       6623 |  314   686 |      1344|       0.16       1.23|
Info:       9000 |     1622       7230 |  393   607 |       960|       0.24       1.47|
Info:      10000 |     1961       7891 |  339   661 |       396|       0.12       1.59|
Info:      10578 |     2084       8339 |  123   448 |         0|       0.20       1.79|
Info: Routing complete.
Info: Router1 time 1.79s
Info: Checksum: 0x46709c78

Info: Critical path report for clock 'CLK$SB_IO_IN_$glb_clk' (posedge -> posedge):
Info: curr total
Info:  0.5  0.5  Source sense_module_inst.aes_inst.subword_sel_SB_DFFER_Q_DFFLC.O
Info:  1.6  2.1    Net sense_module_inst.aes_inst.subword_sel budget 0.578000 ns (6,22) -> (13,25)
Info:                Sink sense_module_inst.aes_inst.keysched_inst.next_key_tmp[0]_SB_LUT4_O_17_I2_SB_LUT4_O_I3_SB_LUT4_O_I0_SB_LUT4_O_I1_SB_LUT4_O_LC.I3
Info:                Defined in:
Info:                  top_level.v:36.15-47.4
Info:                  aes/aes.v:35.6-35.17
Info:                  sense_module.v:37.6-37.163
Info:  0.3  2.4  Source sense_module_inst.aes_inst.keysched_inst.next_key_tmp[0]_SB_LUT4_O_17_I2_SB_LUT4_O_I3_SB_LUT4_O_I0_SB_LUT4_O_I1_SB_LUT4_O_LC.O
Info:  1.0  3.4    Net sense_module_inst.aes_inst.keysched_inst.next_key_tmp[0]_SB_LUT4_O_17_I2_SB_LUT4_O_I3_SB_LUT4_O_I0_SB_LUT4_I2_O_SB_LUT4_O_1_I2_SB_LUT4_I2_O[3] budget 0.577000 ns (13,25) -> (13,28)
Info:                Sink sense_module_inst.aes_inst.keysched_inst.next_key_tmp[0]_SB_LUT4_O_22_I2_SB_LUT4_O_I2_SB_LUT4_O_I2_SB_LUT4_O_I2_SB_LUT4_O_1_I2_SB_LUT4_O_1_LC.I3
Info:                Defined in:
Info:                  /home/ahmet-bedri/Documents/oss-cad-suite/lib/../share/yosys/ice40/cells_map.v:6.21-6.22
Info:  0.3  3.7  Source sense_module_inst.aes_inst.keysched_inst.next_key_tmp[0]_SB_LUT4_O_22_I2_SB_LUT4_O_I2_SB_LUT4_O_I2_SB_LUT4_O_I2_SB_LUT4_O_1_I2_SB_LUT4_O_1_LC.O
Info:  0.6  4.3    Net sense_module_inst.aes_inst.keysched_inst.next_key_tmp[0]_SB_LUT4_O_17_I2_SB_LUT4_O_I3_SB_LUT4_O_I0_SB_LUT4_I2_O_SB_LUT4_O_1_I2_SB_LUT4_O_I3[1] budget 0.577000 ns (13,28) -> (13,27)
Info:                Sink sense_module_inst.aes_inst.keysched_inst.next_key_tmp[0]_SB_LUT4_O_23_I2_SB_LUT4_O_I2_SB_LUT4_O_I0_SB_LUT4_O_I2_SB_LUT4_O_LC.I2
Info:                Defined in:
Info:                  /home/ahmet-bedri/Documents/oss-cad-suite/lib/../share/yosys/ice40/cells_map.v:6.21-6.22
Info:  0.4  4.7  Source sense_module_inst.aes_inst.keysched_inst.next_key_tmp[0]_SB_LUT4_O_23_I2_SB_LUT4_O_I2_SB_LUT4_O_I0_SB_LUT4_O_I2_SB_LUT4_O_LC.O
Info:  1.0  5.6    Net sense_module_inst.aes_inst.keysched_inst.next_key_tmp[0]_SB_LUT4_O_17_I2_SB_LUT4_O_I3_SB_LUT4_O_I0[1] budget 0.577000 ns (13,27) -> (13,26)
Info:                Sink sense_module_inst.aes_inst.keysched_inst.next_key_tmp[0]_SB_LUT4_O_17_I2_SB_LUT4_O_I3_SB_LUT4_O_I0_SB_LUT4_I2_O_SB_LUT4_O_1_I2_SB_LUT4_O_I3_SB_LUT4_I2_O_SB_LUT4_O_LC.I3
Info:                Defined in:
Info:                  /home/ahmet-bedri/Documents/oss-cad-suite/lib/../share/yosys/ice40/cells_map.v:6.21-6.22
Info:  0.3  6.0  Source sense_module_inst.aes_inst.keysched_inst.next_key_tmp[0]_SB_LUT4_O_17_I2_SB_LUT4_O_I3_SB_LUT4_O_I0_SB_LUT4_I2_O_SB_LUT4_O_1_I2_SB_LUT4_O_I3_SB_LUT4_I2_O_SB_LUT4_O_LC.O
Info:  0.6  6.5    Net sense_module_inst.aes_inst.keysched_inst.next_key_tmp[0]_SB_LUT4_O_17_I2_SB_LUT4_O_I3_SB_LUT4_O_I0_SB_LUT4_I2_O_SB_LUT4_O_1_I2_SB_LUT4_I2_O[1] budget 0.577000 ns (13,26) -> (13,26)
Info:                Sink sense_module_inst.aes_inst.keysched_inst.next_key_tmp[0]_SB_LUT4_O_17_I2_SB_LUT4_O_I3_SB_LUT4_O_I0_SB_LUT4_I2_O_SB_LUT4_O_1_I2_SB_LUT4_O_I3_SB_LUT4_I2_O_SB_LUT4_I2_LC.I2
Info:                Defined in:
Info:                  /home/ahmet-bedri/Documents/oss-cad-suite/lib/../share/yosys/ice40/cells_map.v:6.21-6.22
Info:  0.4  6.9  Source sense_module_inst.aes_inst.keysched_inst.next_key_tmp[0]_SB_LUT4_O_17_I2_SB_LUT4_O_I3_SB_LUT4_O_I0_SB_LUT4_I2_O_SB_LUT4_O_1_I2_SB_LUT4_O_I3_SB_LUT4_I2_O_SB_LUT4_I2_LC.O
Info:  0.6  7.5    Net sense_module_inst.aes_inst.keysched_inst.next_key_tmp[0]_SB_LUT4_O_17_I2_SB_LUT4_O_I3_SB_LUT4_O_I0_SB_LUT4_O_I0[0] budget 0.577000 ns (13,26) -> (13,25)
Info:                Sink sense_module_inst.aes_inst.keysched_inst.next_key_tmp[0]_SB_LUT4_O_17_I2_SB_LUT4_O_I3_SB_LUT4_O_I0_SB_LUT4_O_LC.I0
Info:                Defined in:
Info:                  /home/ahmet-bedri/Documents/oss-cad-suite/lib/../share/yosys/ice40/cells_map.v:6.21-6.22
Info:  0.4  8.0  Source sense_module_inst.aes_inst.keysched_inst.next_key_tmp[0]_SB_LUT4_O_17_I2_SB_LUT4_O_I3_SB_LUT4_O_I0_SB_LUT4_O_LC.O
Info:  0.6  8.5    Net sense_module_inst.aes_inst.keysched_inst.next_key_tmp[0]_SB_LUT4_O_17_I2_SB_LUT4_O_I3_SB_LUT4_O_I0[0] budget 0.577000 ns (13,25) -> (13,26)
Info:                Sink sense_module_inst.aes_inst.keysched_inst.next_key_tmp[0]_SB_LUT4_O_17_I2_SB_LUT4_O_I3_SB_LUT4_O_I0_SB_LUT4_I2_LC.I2
Info:                Defined in:
Info:                  /home/ahmet-bedri/Documents/oss-cad-suite/lib/../share/yosys/ice40/cells_map.v:6.21-6.22
Info:  0.4  8.9  Source sense_module_inst.aes_inst.keysched_inst.next_key_tmp[0]_SB_LUT4_O_17_I2_SB_LUT4_O_I3_SB_LUT4_O_I0_SB_LUT4_I2_LC.O
Info:  0.6  9.5    Net sense_module_inst.aes_inst.keysched_inst.next_key_tmp[0]_SB_LUT4_O_17_I2_SB_LUT4_O_I3_SB_LUT4_O_I0_SB_LUT4_I2_O[0] budget 0.577000 ns (13,26) -> (14,25)
Info:                Sink sense_module_inst.aes_inst.keysched_inst.next_key_tmp[0]_SB_LUT4_O_22_I2_SB_LUT4_O_I2_SB_LUT4_O_I2_SB_LUT4_I3_O_SB_LUT4_O_LC.I0
Info:                Defined in:
Info:                  /home/ahmet-bedri/Documents/oss-cad-suite/lib/../share/yosys/ice40/cells_map.v:6.21-6.22
Info:  0.4 10.0  Source sense_module_inst.aes_inst.keysched_inst.next_key_tmp[0]_SB_LUT4_O_22_I2_SB_LUT4_O_I2_SB_LUT4_O_I2_SB_LUT4_I3_O_SB_LUT4_O_LC.O
Info:  0.6 10.6    Net sense_module_inst.aes_inst.keysched_inst.next_key_tmp[0]_SB_LUT4_O_17_I2_SB_LUT4_O_I3_SB_LUT4_O_I0_SB_LUT4_I0_O[0] budget 0.577000 ns (14,25) -> (14,26)
Info:                Sink sense_module_inst.aes_inst.keysched_inst.next_key_tmp[0]_SB_LUT4_O_17_I2_SB_LUT4_O_I3_SB_LUT4_O_I0_SB_LUT4_I0_O_SB_LUT4_I3_O_SB_LUT4_O_1_LC.I1
Info:                Defined in:
Info:                  /home/ahmet-bedri/Documents/oss-cad-suite/lib/../share/yosys/ice40/cells_map.v:6.21-6.22
Info:  0.4 10.9  Source sense_module_inst.aes_inst.keysched_inst.next_key_tmp[0]_SB_LUT4_O_17_I2_SB_LUT4_O_I3_SB_LUT4_O_I0_SB_LUT4_I0_O_SB_LUT4_I3_O_SB_LUT4_O_1_LC.O
Info:  0.6 11.5    Net sense_module_inst.aes_inst.keysched_inst.next_key_tmp[0]_SB_LUT4_O_17_I2_SB_LUT4_O_I3_SB_LUT4_O_I0_SB_LUT4_I0_O_SB_LUT4_I3_O[3] budget 0.577000 ns (14,26) -> (14,26)
Info:                Sink sense_module_inst.aes_inst.keysched_inst.next_key_tmp[0]_SB_LUT4_O_22_I2_SB_LUT4_O_I2_SB_LUT4_O_I1_SB_LUT4_O_1_LC.I0
Info:                Defined in:
Info:                  /home/ahmet-bedri/Documents/oss-cad-suite/lib/../share/yosys/ice40/cells_map.v:6.21-6.22
Info:  0.4 12.0  Source sense_module_inst.aes_inst.keysched_inst.next_key_tmp[0]_SB_LUT4_O_22_I2_SB_LUT4_O_I2_SB_LUT4_O_I1_SB_LUT4_O_1_LC.O
Info:  0.6 12.6    Net sense_module_inst.aes_inst.keysched_inst.next_key_tmp[0]_SB_LUT4_O_17_I2_SB_LUT4_O_I3_SB_LUT4_O_I3[0] budget 0.577000 ns (14,26) -> (13,26)
Info:                Sink sense_module_inst.aes_inst.keysched_inst.next_key_tmp[0]_SB_LUT4_O_23_I2_SB_LUT4_O_I2_SB_LUT4_O_I3_SB_LUT4_O_I0_SB_LUT4_O_LC.I2
Info:                Defined in:
Info:                  /home/ahmet-bedri/Documents/oss-cad-suite/lib/../share/yosys/ice40/cells_map.v:6.21-6.22
Info:  0.4 13.0  Source sense_module_inst.aes_inst.keysched_inst.next_key_tmp[0]_SB_LUT4_O_23_I2_SB_LUT4_O_I2_SB_LUT4_O_I3_SB_LUT4_O_I0_SB_LUT4_O_LC.O
Info:  0.6 13.5    Net sense_module_inst.aes_inst.keysched_inst.next_key_tmp[0]_SB_LUT4_O_23_I2_SB_LUT4_O_I2_SB_LUT4_O_I3_SB_LUT4_O_I0[1] budget 0.577000 ns (13,26) -> (13,26)
Info:                Sink sense_module_inst.aes_inst.keysched_inst.next_key_tmp[0]_SB_LUT4_O_23_I2_SB_LUT4_O_I2_SB_LUT4_O_I2_SB_LUT4_O_1_LC.I1
Info:                Defined in:
Info:                  /home/ahmet-bedri/Documents/oss-cad-suite/lib/../share/yosys/ice40/cells_map.v:6.21-6.22
Info:  0.4 13.9  Source sense_module_inst.aes_inst.keysched_inst.next_key_tmp[0]_SB_LUT4_O_23_I2_SB_LUT4_O_I2_SB_LUT4_O_I2_SB_LUT4_O_1_LC.O
Info:  0.6 14.5    Net sense_module_inst.aes_inst.keysched_inst.next_key_tmp[0]_SB_LUT4_O_23_I2_SB_LUT4_O_I2_SB_LUT4_O_I2[2] budget 0.577000 ns (13,26) -> (12,27)
Info:                Sink sense_module_inst.aes_inst.keysched_inst.next_key_tmp[0]_SB_LUT4_O_22_I2_SB_LUT4_O_I2_SB_LUT4_O_I3_SB_LUT4_I2_O_SB_LUT4_O_LC.I2
Info:                Defined in:
Info:                  /home/ahmet-bedri/Documents/oss-cad-suite/lib/../share/yosys/ice40/cells_map.v:6.21-6.22
Info:  0.4 14.9  Source sense_module_inst.aes_inst.keysched_inst.next_key_tmp[0]_SB_LUT4_O_22_I2_SB_LUT4_O_I2_SB_LUT4_O_I3_SB_LUT4_I2_O_SB_LUT4_O_LC.O
Info:  0.6 15.5    Net sense_module_inst.aes_inst.keysched_inst.next_key_tmp[0]_SB_LUT4_O_17_I2_SB_LUT4_O_I3[0] budget 0.577000 ns (12,27) -> (11,27)
Info:                Sink sense_module_inst.aes_inst.keysched_inst.next_key_tmp[0]_SB_LUT4_O_17_I2_SB_LUT4_O_LC.I2
Info:                Defined in:
Info:                  /home/ahmet-bedri/Documents/oss-cad-suite/lib/../share/yosys/ice40/cells_map.v:6.21-6.22
Info:  0.4 15.9  Source sense_module_inst.aes_inst.keysched_inst.next_key_tmp[0]_SB_LUT4_O_17_I2_SB_LUT4_O_LC.O
Info:  0.6 16.5    Net sense_module_inst.aes_inst.keysched_inst.next_key_tmp[0]_SB_LUT4_O_17_I2[0] budget 0.577000 ns (11,27) -> (11,26)
Info:                Sink sense_module_inst.aes_inst.keysched_inst.next_key_tmp[0]_SB_LUT4_O_19_I2_SB_LUT4_O_LC.I2
Info:                Defined in:
Info:                  /home/ahmet-bedri/Documents/oss-cad-suite/lib/../share/yosys/ice40/cells_map.v:6.21-6.22
Info:  0.4 16.8  Source sense_module_inst.aes_inst.keysched_inst.next_key_tmp[0]_SB_LUT4_O_19_I2_SB_LUT4_O_LC.O
Info:  0.6 17.4    Net sense_module_inst.aes_inst.keysched_inst.next_key_tmp[0]_SB_LUT4_O_19_I2[0] budget 0.577000 ns (11,26) -> (11,25)
Info:                Sink sense_module_inst.aes_inst.keysched_inst.next_key_tmp[0]_SB_LUT4_O_20_I2_SB_LUT4_O_LC.I2
Info:                Defined in:
Info:                  /home/ahmet-bedri/Documents/oss-cad-suite/lib/../share/yosys/ice40/cells_map.v:6.21-6.22
Info:  0.4 17.8  Source sense_module_inst.aes_inst.keysched_inst.next_key_tmp[0]_SB_LUT4_O_20_I2_SB_LUT4_O_LC.O
Info:  2.0 19.8    Net sense_module_inst.aes_inst.keysched_inst.next_key_tmp[0]_SB_LUT4_O_20_I2[0] budget 0.577000 ns (11,25) -> (11,17)
Info:                Sink sense_module_inst.aes_inst.keysched_inst.next_key_tmp[0]_SB_LUT4_O_20_LC.I2
Info:                Defined in:
Info:                  /home/ahmet-bedri/Documents/oss-cad-suite/lib/../share/yosys/ice40/cells_map.v:6.21-6.22
Info:  0.4 20.1  Source sense_module_inst.aes_inst.keysched_inst.next_key_tmp[0]_SB_LUT4_O_20_LC.O
Info:  0.6 20.7    Net sense_module_inst.aes_inst.fsm_state_SB_LUT4_I1_1_O_SB_LUT4_O_1_I1_SB_LUT4_I0_O_SB_LUT4_I2_O_SB_LUT4_I0_O_SB_LUT4_O_115_I0[2] budget 0.577000 ns (11,17) -> (11,17)
Info:                Sink sense_module_inst.aes_inst.keysched_inst.next_key_tmp[1]_SB_LUT4_O_20_LC.I2
Info:                Defined in:
Info:                  top_level.v:36.15-47.4
Info:                  aes/aes.v:28.15-28.27
Info:                  sense_module.v:37.6-37.163
Info:  0.4 21.1  Source sense_module_inst.aes_inst.keysched_inst.next_key_tmp[1]_SB_LUT4_O_20_LC.O
Info:  0.6 21.7    Net sense_module_inst.aes_inst.fsm_state_SB_LUT4_I1_1_O_SB_LUT4_O_1_I1_SB_LUT4_I0_O_SB_LUT4_I2_O_SB_LUT4_I0_O_SB_LUT4_O_84_I0[2] budget 0.577000 ns (11,17) -> (10,17)
Info:                Sink sense_module_inst.aes_inst.keysched_inst.next_key_tmp[2]_SB_LUT4_O_20_LC.I2
Info:                Defined in:
Info:                  top_level.v:36.15-47.4
Info:                  aes/aes.v:28.15-28.27
Info:                  sense_module.v:37.6-37.163
Info:  0.4 22.1  Source sense_module_inst.aes_inst.keysched_inst.next_key_tmp[2]_SB_LUT4_O_20_LC.O
Info:  0.6 22.7    Net sense_module_inst.aes_inst.fsm_state_SB_LUT4_I1_1_O_SB_LUT4_O_1_I1_SB_LUT4_I0_O_SB_LUT4_I2_O_SB_LUT4_I0_O_SB_LUT4_O_52_I0[2] budget 0.577000 ns (10,17) -> (10,18)
Info:                Sink sense_module_inst.aes_inst.keysched_inst.next_key_tmp[3]_SB_LUT4_O_21_LC.I2
Info:                Defined in:
Info:                  top_level.v:36.15-47.4
Info:                  aes/aes.v:28.15-28.27
Info:                  sense_module.v:37.6-37.163
Info:  0.4 23.0  Source sense_module_inst.aes_inst.keysched_inst.next_key_tmp[3]_SB_LUT4_O_21_LC.O
Info:  0.6 23.6    Net sense_module_inst.aes_inst.fsm_state_SB_LUT4_I1_1_O_SB_LUT4_O_1_I1_SB_LUT4_I0_O_SB_LUT4_I2_O_SB_LUT4_I0_O_SB_LUT4_O_20_I0[2] budget 0.577000 ns (10,18) -> (10,18)
Info:                Sink sense_module_inst.aes_inst.key_SB_DFFESS_Q_11_DFFLC.I0
Info:                Defined in:
Info:                  top_level.v:36.15-47.4
Info:                  aes/aes.v:28.15-28.27
Info:                  sense_module.v:37.6-37.163
Info:  0.5 24.1  Setup sense_module_inst.aes_inst.key_SB_DFFESS_Q_11_DFFLC.I0
Info: 8.6 ns logic, 15.5 ns routing

Info: Critical path report for clock 'sense_module_inst.clk48m_$glb_clk' (posedge -> posedge):
Info: curr total
Info:  0.5  0.5  Source sense_module_inst.sensor_dec_inst.sensebuf_SB_DFFR_Q_62_DFFLC.O
Info:  0.6  1.1    Net sense_module_inst.sensor_dec_inst.sensebuf[1] budget 0.518000 ns (2,24) -> (3,25)
Info:                Sink sense_module_inst.sensor_dec_inst.count_SB_LUT4_O_5_I0_SB_LUT4_O_I0_SB_LUT4_O_I0_SB_LUT4_O_I0_SB_LUT4_O_I0_SB_LUT4_O_I0_SB_LUT4_O_I0_SB_LUT4_O_I0_SB_LUT4_O_I0_SB_LUT4_O_I0_SB_LUT4_O_I0_SB_LUT4_O_I0_SB_LUT4_O_I0_SB_LUT4_O_I0_SB_LUT4_O_I0_SB_LUT4_O_I0_SB_LUT4_O_I0_SB_LUT4_O_I0_SB_LUT4_O_I0_SB_LUT4_O_I0_SB_LUT4_O_LC.I0
Info:                Defined in:
Info:                  top_level.v:36.15-47.4
Info:                  decoder.v:7.22-7.30
Info:                  sense_module.v:84.10-84.96
Info:  0.4  1.6  Source sense_module_inst.sensor_dec_inst.count_SB_LUT4_O_5_I0_SB_LUT4_O_I0_SB_LUT4_O_I0_SB_LUT4_O_I0_SB_LUT4_O_I0_SB_LUT4_O_I0_SB_LUT4_O_I0_SB_LUT4_O_I0_SB_LUT4_O_I0_SB_LUT4_O_I0_SB_LUT4_O_I0_SB_LUT4_O_I0_SB_LUT4_O_I0_SB_LUT4_O_I0_SB_LUT4_O_I0_SB_LUT4_O_I0_SB_LUT4_O_I0_SB_LUT4_O_I0_SB_LUT4_O_I0_SB_LUT4_O_I0_SB_LUT4_O_LC.O
Info:  0.6  2.2    Net sense_module_inst.sensor_dec_inst.count_SB_LUT4_O_5_I0_SB_LUT4_O_I0_SB_LUT4_O_I0_SB_LUT4_O_I0_SB_LUT4_O_I0_SB_LUT4_O_I0_SB_LUT4_O_I0_SB_LUT4_O_I0_SB_LUT4_O_I0_SB_LUT4_O_I0_SB_LUT4_O_I0_SB_LUT4_O_I0_SB_LUT4_O_I0_SB_LUT4_O_I0_SB_LUT4_O_I0_SB_LUT4_O_I0_SB_LUT4_O_I0_SB_LUT4_O_I0_SB_LUT4_O_I0_SB_LUT4_O_I0[0] budget 0.518000 ns (3,25) -> (3,24)
Info:                Sink sense_module_inst.sensor_dec_inst.count_SB_LUT4_O_5_I0_SB_LUT4_O_I0_SB_LUT4_O_I0_SB_LUT4_O_I0_SB_LUT4_O_I0_SB_LUT4_O_I0_SB_LUT4_O_I0_SB_LUT4_O_I0_SB_LUT4_O_I0_SB_LUT4_O_I0_SB_LUT4_O_I0_SB_LUT4_O_I0_SB_LUT4_O_I0_SB_LUT4_O_I0_SB_LUT4_O_I0_SB_LUT4_O_I0_SB_LUT4_O_I0_SB_LUT4_O_I0_SB_LUT4_O_I0_SB_LUT4_O_LC.I0
Info:                Defined in:
Info:                  /home/ahmet-bedri/Documents/oss-cad-suite/lib/../share/yosys/ice40/cells_map.v:6.21-6.22
Info:  0.4  2.6  Source sense_module_inst.sensor_dec_inst.count_SB_LUT4_O_5_I0_SB_LUT4_O_I0_SB_LUT4_O_I0_SB_LUT4_O_I0_SB_LUT4_O_I0_SB_LUT4_O_I0_SB_LUT4_O_I0_SB_LUT4_O_I0_SB_LUT4_O_I0_SB_LUT4_O_I0_SB_LUT4_O_I0_SB_LUT4_O_I0_SB_LUT4_O_I0_SB_LUT4_O_I0_SB_LUT4_O_I0_SB_LUT4_O_I0_SB_LUT4_O_I0_SB_LUT4_O_I0_SB_LUT4_O_I0_SB_LUT4_O_LC.O
Info:  0.6  3.2    Net sense_module_inst.sensor_dec_inst.count_SB_LUT4_O_5_I0_SB_LUT4_O_I0_SB_LUT4_O_I0_SB_LUT4_O_I0_SB_LUT4_O_I0_SB_LUT4_O_I0_SB_LUT4_O_I0_SB_LUT4_O_I0_SB_LUT4_O_I0_SB_LUT4_O_I0_SB_LUT4_O_I0_SB_LUT4_O_I0_SB_LUT4_O_I0_SB_LUT4_O_I0_SB_LUT4_O_I0_SB_LUT4_O_I0_SB_LUT4_O_I0_SB_LUT4_O_I0_SB_LUT4_O_I0[0] budget 0.518000 ns (3,24) -> (3,24)
Info:                Sink sense_module_inst.sensor_dec_inst.count_SB_LUT4_O_5_I0_SB_LUT4_O_I0_SB_LUT4_O_I0_SB_LUT4_O_I0_SB_LUT4_O_I0_SB_LUT4_O_I0_SB_LUT4_O_I0_SB_LUT4_O_I0_SB_LUT4_O_I0_SB_LUT4_O_I0_SB_LUT4_O_I0_SB_LUT4_O_I0_SB_LUT4_O_I0_SB_LUT4_O_I0_SB_LUT4_O_I0_SB_LUT4_O_I0_SB_LUT4_O_I0_SB_LUT4_O_I0_SB_LUT4_O_LC.I0
Info:                Defined in:
Info:                  /home/ahmet-bedri/Documents/oss-cad-suite/lib/../share/yosys/ice40/cells_map.v:6.21-6.22
Info:  0.4  3.6  Source sense_module_inst.sensor_dec_inst.count_SB_LUT4_O_5_I0_SB_LUT4_O_I0_SB_LUT4_O_I0_SB_LUT4_O_I0_SB_LUT4_O_I0_SB_LUT4_O_I0_SB_LUT4_O_I0_SB_LUT4_O_I0_SB_LUT4_O_I0_SB_LUT4_O_I0_SB_LUT4_O_I0_SB_LUT4_O_I0_SB_LUT4_O_I0_SB_LUT4_O_I0_SB_LUT4_O_I0_SB_LUT4_O_I0_SB_LUT4_O_I0_SB_LUT4_O_I0_SB_LUT4_O_LC.O
Info:  0.6  4.2    Net sense_module_inst.sensor_dec_inst.count_SB_LUT4_O_5_I0_SB_LUT4_O_I0_SB_LUT4_O_I0_SB_LUT4_O_I0_SB_LUT4_O_I0_SB_LUT4_O_I0_SB_LUT4_O_I0_SB_LUT4_O_I0_SB_LUT4_O_I0_SB_LUT4_O_I0_SB_LUT4_O_I0_SB_LUT4_O_I0_SB_LUT4_O_I0_SB_LUT4_O_I0_SB_LUT4_O_I0_SB_LUT4_O_I0_SB_LUT4_O_I0_SB_LUT4_O_I0[0] budget 0.518000 ns (3,24) -> (3,24)
Info:                Sink sense_module_inst.sensor_dec_inst.count_SB_LUT4_O_5_I0_SB_LUT4_O_I0_SB_LUT4_O_I0_SB_LUT4_O_I0_SB_LUT4_O_I0_SB_LUT4_O_I0_SB_LUT4_O_I0_SB_LUT4_O_I0_SB_LUT4_O_I0_SB_LUT4_O_I0_SB_LUT4_O_I0_SB_LUT4_O_I0_SB_LUT4_O_I0_SB_LUT4_O_I0_SB_LUT4_O_I0_SB_LUT4_O_I0_SB_LUT4_O_I0_SB_LUT4_O_LC.I0
Info:                Defined in:
Info:                  /home/ahmet-bedri/Documents/oss-cad-suite/lib/../share/yosys/ice40/cells_map.v:6.21-6.22
Info:  0.4  4.7  Source sense_module_inst.sensor_dec_inst.count_SB_LUT4_O_5_I0_SB_LUT4_O_I0_SB_LUT4_O_I0_SB_LUT4_O_I0_SB_LUT4_O_I0_SB_LUT4_O_I0_SB_LUT4_O_I0_SB_LUT4_O_I0_SB_LUT4_O_I0_SB_LUT4_O_I0_SB_LUT4_O_I0_SB_LUT4_O_I0_SB_LUT4_O_I0_SB_LUT4_O_I0_SB_LUT4_O_I0_SB_LUT4_O_I0_SB_LUT4_O_I0_SB_LUT4_O_LC.O
Info:  0.6  5.3    Net sense_module_inst.sensor_dec_inst.count_SB_LUT4_O_5_I0_SB_LUT4_O_I0_SB_LUT4_O_I0_SB_LUT4_O_I0_SB_LUT4_O_I0_SB_LUT4_O_I0_SB_LUT4_O_I0_SB_LUT4_O_I0_SB_LUT4_O_I0_SB_LUT4_O_I0_SB_LUT4_O_I0_SB_LUT4_O_I0_SB_LUT4_O_I0_SB_LUT4_O_I0_SB_LUT4_O_I0_SB_LUT4_O_I0_SB_LUT4_O_I0[0] budget 0.518000 ns (3,24) -> (3,25)
Info:                Sink sense_module_inst.sensor_dec_inst.count_SB_LUT4_O_5_I0_SB_LUT4_O_I0_SB_LUT4_O_I0_SB_LUT4_O_I0_SB_LUT4_O_I0_SB_LUT4_O_I0_SB_LUT4_O_I0_SB_LUT4_O_I0_SB_LUT4_O_I0_SB_LUT4_O_I0_SB_LUT4_O_I0_SB_LUT4_O_I0_SB_LUT4_O_I0_SB_LUT4_O_I0_SB_LUT4_O_I0_SB_LUT4_O_I0_SB_LUT4_O_LC.I0
Info:                Defined in:
Info:                  /home/ahmet-bedri/Documents/oss-cad-suite/lib/../share/yosys/ice40/cells_map.v:6.21-6.22
Info:  0.4  5.7  Source sense_module_inst.sensor_dec_inst.count_SB_LUT4_O_5_I0_SB_LUT4_O_I0_SB_LUT4_O_I0_SB_LUT4_O_I0_SB_LUT4_O_I0_SB_LUT4_O_I0_SB_LUT4_O_I0_SB_LUT4_O_I0_SB_LUT4_O_I0_SB_LUT4_O_I0_SB_LUT4_O_I0_SB_LUT4_O_I0_SB_LUT4_O_I0_SB_LUT4_O_I0_SB_LUT4_O_I0_SB_LUT4_O_I0_SB_LUT4_O_LC.O
Info:  0.6  6.3    Net sense_module_inst.sensor_dec_inst.count_SB_LUT4_O_5_I0_SB_LUT4_O_I0_SB_LUT4_O_I0_SB_LUT4_O_I0_SB_LUT4_O_I0_SB_LUT4_O_I0_SB_LUT4_O_I0_SB_LUT4_O_I0_SB_LUT4_O_I0_SB_LUT4_O_I0_SB_LUT4_O_I0_SB_LUT4_O_I0_SB_LUT4_O_I0_SB_LUT4_O_I0_SB_LUT4_O_I0_SB_LUT4_O_I0[0] budget 0.518000 ns (3,25) -> (3,26)
Info:                Sink sense_module_inst.sensor_dec_inst.count_SB_LUT4_O_5_I0_SB_LUT4_O_I0_SB_LUT4_O_I0_SB_LUT4_O_I0_SB_LUT4_O_I0_SB_LUT4_O_I0_SB_LUT4_O_I0_SB_LUT4_O_I0_SB_LUT4_O_I0_SB_LUT4_O_I0_SB_LUT4_O_I0_SB_LUT4_O_I0_SB_LUT4_O_I0_SB_LUT4_O_I0_SB_LUT4_O_I0_SB_LUT4_O_LC.I0
Info:                Defined in:
Info:                  /home/ahmet-bedri/Documents/oss-cad-suite/lib/../share/yosys/ice40/cells_map.v:6.21-6.22
Info:  0.4  6.8  Source sense_module_inst.sensor_dec_inst.count_SB_LUT4_O_5_I0_SB_LUT4_O_I0_SB_LUT4_O_I0_SB_LUT4_O_I0_SB_LUT4_O_I0_SB_LUT4_O_I0_SB_LUT4_O_I0_SB_LUT4_O_I0_SB_LUT4_O_I0_SB_LUT4_O_I0_SB_LUT4_O_I0_SB_LUT4_O_I0_SB_LUT4_O_I0_SB_LUT4_O_I0_SB_LUT4_O_I0_SB_LUT4_O_LC.O
Info:  0.6  7.3    Net sense_module_inst.sensor_dec_inst.count_SB_LUT4_O_5_I0_SB_LUT4_O_I0_SB_LUT4_O_I0_SB_LUT4_O_I0_SB_LUT4_O_I0_SB_LUT4_O_I0_SB_LUT4_O_I0_SB_LUT4_O_I0_SB_LUT4_O_I0_SB_LUT4_O_I0_SB_LUT4_O_I0_SB_LUT4_O_I0_SB_LUT4_O_I0_SB_LUT4_O_I0_SB_LUT4_O_I0[0] budget 0.518000 ns (3,26) -> (2,26)
Info:                Sink sense_module_inst.sensor_dec_inst.count_SB_LUT4_O_5_I0_SB_LUT4_O_I0_SB_LUT4_O_I0_SB_LUT4_O_I0_SB_LUT4_O_I0_SB_LUT4_O_I0_SB_LUT4_O_I0_SB_LUT4_O_I0_SB_LUT4_O_I0_SB_LUT4_O_I0_SB_LUT4_O_I0_SB_LUT4_O_I0_SB_LUT4_O_I0_SB_LUT4_O_I0_SB_LUT4_O_LC.I0
Info:                Defined in:
Info:                  /home/ahmet-bedri/Documents/oss-cad-suite/lib/../share/yosys/ice40/cells_map.v:6.21-6.22
Info:  0.4  7.8  Source sense_module_inst.sensor_dec_inst.count_SB_LUT4_O_5_I0_SB_LUT4_O_I0_SB_LUT4_O_I0_SB_LUT4_O_I0_SB_LUT4_O_I0_SB_LUT4_O_I0_SB_LUT4_O_I0_SB_LUT4_O_I0_SB_LUT4_O_I0_SB_LUT4_O_I0_SB_LUT4_O_I0_SB_LUT4_O_I0_SB_LUT4_O_I0_SB_LUT4_O_I0_SB_LUT4_O_LC.O
Info:  0.6  8.4    Net sense_module_inst.sensor_dec_inst.count_SB_LUT4_O_5_I0_SB_LUT4_O_I0_SB_LUT4_O_I0_SB_LUT4_O_I0_SB_LUT4_O_I0_SB_LUT4_O_I0_SB_LUT4_O_I0_SB_LUT4_O_I0_SB_LUT4_O_I0_SB_LUT4_O_I0_SB_LUT4_O_I0_SB_LUT4_O_I0_SB_LUT4_O_I0_SB_LUT4_O_I0[0] budget 0.518000 ns (2,26) -> (2,27)
Info:                Sink sense_module_inst.sensor_dec_inst.count_SB_LUT4_O_5_I0_SB_LUT4_O_I0_SB_LUT4_O_I0_SB_LUT4_O_I0_SB_LUT4_O_I0_SB_LUT4_O_I0_SB_LUT4_O_I0_SB_LUT4_O_I0_SB_LUT4_O_I0_SB_LUT4_O_I0_SB_LUT4_O_I0_SB_LUT4_O_I0_SB_LUT4_O_I0_SB_LUT4_O_LC.I0
Info:                Defined in:
Info:                  /home/ahmet-bedri/Documents/oss-cad-suite/lib/../share/yosys/ice40/cells_map.v:6.21-6.22
Info:  0.4  8.8  Source sense_module_inst.sensor_dec_inst.count_SB_LUT4_O_5_I0_SB_LUT4_O_I0_SB_LUT4_O_I0_SB_LUT4_O_I0_SB_LUT4_O_I0_SB_LUT4_O_I0_SB_LUT4_O_I0_SB_LUT4_O_I0_SB_LUT4_O_I0_SB_LUT4_O_I0_SB_LUT4_O_I0_SB_LUT4_O_I0_SB_LUT4_O_I0_SB_LUT4_O_LC.O
Info:  0.6  9.4    Net sense_module_inst.sensor_dec_inst.count_SB_LUT4_O_5_I0_SB_LUT4_O_I0_SB_LUT4_O_I0_SB_LUT4_O_I0_SB_LUT4_O_I0_SB_LUT4_O_I0_SB_LUT4_O_I0_SB_LUT4_O_I0_SB_LUT4_O_I0_SB_LUT4_O_I0_SB_LUT4_O_I0_SB_LUT4_O_I0_SB_LUT4_O_I0[0] budget 0.517000 ns (2,27) -> (2,28)
Info:                Sink sense_module_inst.sensor_dec_inst.count_SB_LUT4_O_5_I0_SB_LUT4_O_I0_SB_LUT4_O_I0_SB_LUT4_O_I0_SB_LUT4_O_I0_SB_LUT4_O_I0_SB_LUT4_O_I0_SB_LUT4_O_I0_SB_LUT4_O_I0_SB_LUT4_O_I0_SB_LUT4_O_I0_SB_LUT4_O_I0_SB_LUT4_O_LC.I0
Info:                Defined in:
Info:                  /home/ahmet-bedri/Documents/oss-cad-suite/lib/../share/yosys/ice40/cells_map.v:6.21-6.22
Info:  0.4  9.9  Source sense_module_inst.sensor_dec_inst.count_SB_LUT4_O_5_I0_SB_LUT4_O_I0_SB_LUT4_O_I0_SB_LUT4_O_I0_SB_LUT4_O_I0_SB_LUT4_O_I0_SB_LUT4_O_I0_SB_LUT4_O_I0_SB_LUT4_O_I0_SB_LUT4_O_I0_SB_LUT4_O_I0_SB_LUT4_O_I0_SB_LUT4_O_LC.O
Info:  0.6 10.5    Net sense_module_inst.sensor_dec_inst.count_SB_LUT4_O_5_I0_SB_LUT4_O_I0_SB_LUT4_O_I0_SB_LUT4_O_I0_SB_LUT4_O_I0_SB_LUT4_O_I0_SB_LUT4_O_I0_SB_LUT4_O_I0_SB_LUT4_O_I0_SB_LUT4_O_I0_SB_LUT4_O_I0_SB_LUT4_O_I0[0] budget 0.517000 ns (2,28) -> (2,28)
Info:                Sink sense_module_inst.sensor_dec_inst.count_SB_LUT4_O_5_I0_SB_LUT4_O_I0_SB_LUT4_O_I0_SB_LUT4_O_I0_SB_LUT4_O_I0_SB_LUT4_O_I0_SB_LUT4_O_I0_SB_LUT4_O_I0_SB_LUT4_O_I0_SB_LUT4_O_I0_SB_LUT4_O_I0_SB_LUT4_O_LC.I0
Info:                Defined in:
Info:                  /home/ahmet-bedri/Documents/oss-cad-suite/lib/../share/yosys/ice40/cells_map.v:6.21-6.22
Info:  0.4 10.9  Source sense_module_inst.sensor_dec_inst.count_SB_LUT4_O_5_I0_SB_LUT4_O_I0_SB_LUT4_O_I0_SB_LUT4_O_I0_SB_LUT4_O_I0_SB_LUT4_O_I0_SB_LUT4_O_I0_SB_LUT4_O_I0_SB_LUT4_O_I0_SB_LUT4_O_I0_SB_LUT4_O_I0_SB_LUT4_O_LC.O
Info:  0.6 11.5    Net sense_module_inst.sensor_dec_inst.count_SB_LUT4_O_5_I0_SB_LUT4_O_I0_SB_LUT4_O_I0_SB_LUT4_O_I0_SB_LUT4_O_I0_SB_LUT4_O_I0_SB_LUT4_O_I0_SB_LUT4_O_I0_SB_LUT4_O_I0_SB_LUT4_O_I0_SB_LUT4_O_I0[0] budget 0.517000 ns (2,28) -> (2,29)
Info:                Sink sense_module_inst.sensor_dec_inst.count_SB_LUT4_O_5_I0_SB_LUT4_O_I0_SB_LUT4_O_I0_SB_LUT4_O_I0_SB_LUT4_O_I0_SB_LUT4_O_I0_SB_LUT4_O_I0_SB_LUT4_O_I0_SB_LUT4_O_I0_SB_LUT4_O_I0_SB_LUT4_O_LC.I0
Info:                Defined in:
Info:                  /home/ahmet-bedri/Documents/oss-cad-suite/lib/../share/yosys/ice40/cells_map.v:6.21-6.22
Info:  0.4 11.9  Source sense_module_inst.sensor_dec_inst.count_SB_LUT4_O_5_I0_SB_LUT4_O_I0_SB_LUT4_O_I0_SB_LUT4_O_I0_SB_LUT4_O_I0_SB_LUT4_O_I0_SB_LUT4_O_I0_SB_LUT4_O_I0_SB_LUT4_O_I0_SB_LUT4_O_I0_SB_LUT4_O_LC.O
Info:  0.6 12.5    Net sense_module_inst.sensor_dec_inst.count_SB_LUT4_O_5_I0_SB_LUT4_O_I0_SB_LUT4_O_I0_SB_LUT4_O_I0_SB_LUT4_O_I0_SB_LUT4_O_I0_SB_LUT4_O_I0_SB_LUT4_O_I0_SB_LUT4_O_I0_SB_LUT4_O_I0[0] budget 0.517000 ns (2,29) -> (1,30)
Info:                Sink sense_module_inst.sensor_dec_inst.count_SB_LUT4_O_5_I0_SB_LUT4_O_I0_SB_LUT4_O_I0_SB_LUT4_O_I0_SB_LUT4_O_I0_SB_LUT4_O_I0_SB_LUT4_O_I0_SB_LUT4_O_I0_SB_LUT4_O_I0_SB_LUT4_O_LC.I0
Info:                Defined in:
Info:                  /home/ahmet-bedri/Documents/oss-cad-suite/lib/../share/yosys/ice40/cells_map.v:6.21-6.22
Info:  0.4 13.0  Source sense_module_inst.sensor_dec_inst.count_SB_LUT4_O_5_I0_SB_LUT4_O_I0_SB_LUT4_O_I0_SB_LUT4_O_I0_SB_LUT4_O_I0_SB_LUT4_O_I0_SB_LUT4_O_I0_SB_LUT4_O_I0_SB_LUT4_O_I0_SB_LUT4_O_LC.O
Info:  0.6 13.6    Net sense_module_inst.sensor_dec_inst.count_SB_LUT4_O_5_I0_SB_LUT4_O_I0_SB_LUT4_O_I0_SB_LUT4_O_I0_SB_LUT4_O_I0_SB_LUT4_O_I0_SB_LUT4_O_I0_SB_LUT4_O_I0_SB_LUT4_O_I0[0] budget 0.517000 ns (1,30) -> (1,31)
Info:                Sink sense_module_inst.sensor_dec_inst.count_SB_LUT4_O_5_I0_SB_LUT4_O_I0_SB_LUT4_O_I0_SB_LUT4_O_I0_SB_LUT4_O_I0_SB_LUT4_O_I0_SB_LUT4_O_I0_SB_LUT4_O_I0_SB_LUT4_O_LC.I0
Info:                Defined in:
Info:                  /home/ahmet-bedri/Documents/oss-cad-suite/lib/../share/yosys/ice40/cells_map.v:6.21-6.22
Info:  0.4 14.0  Source sense_module_inst.sensor_dec_inst.count_SB_LUT4_O_5_I0_SB_LUT4_O_I0_SB_LUT4_O_I0_SB_LUT4_O_I0_SB_LUT4_O_I0_SB_LUT4_O_I0_SB_LUT4_O_I0_SB_LUT4_O_I0_SB_LUT4_O_LC.O
Info:  0.6 14.6    Net sense_module_inst.sensor_dec_inst.count_SB_LUT4_O_5_I0_SB_LUT4_O_I0_SB_LUT4_O_I0_SB_LUT4_O_I0_SB_LUT4_O_I0_SB_LUT4_O_I0_SB_LUT4_O_I0_SB_LUT4_O_I0[0] budget 0.517000 ns (1,31) -> (1,32)
Info:                Sink sense_module_inst.sensor_dec_inst.count_SB_LUT4_O_5_I0_SB_LUT4_O_I0_SB_LUT4_O_I0_SB_LUT4_O_I0_SB_LUT4_O_I0_SB_LUT4_O_I0_SB_LUT4_O_I0_SB_LUT4_O_LC.I0
Info:                Defined in:
Info:                  /home/ahmet-bedri/Documents/oss-cad-suite/lib/../share/yosys/ice40/cells_map.v:6.21-6.22
Info:  0.4 15.0  Source sense_module_inst.sensor_dec_inst.count_SB_LUT4_O_5_I0_SB_LUT4_O_I0_SB_LUT4_O_I0_SB_LUT4_O_I0_SB_LUT4_O_I0_SB_LUT4_O_I0_SB_LUT4_O_I0_SB_LUT4_O_LC.O
Info:  0.6 15.6    Net sense_module_inst.sensor_dec_inst.count_SB_LUT4_O_5_I0_SB_LUT4_O_I0_SB_LUT4_O_I0_SB_LUT4_O_I0_SB_LUT4_O_I0_SB_LUT4_O_I0_SB_LUT4_O_I0[0] budget 0.517000 ns (1,32) -> (2,31)
Info:                Sink sense_module_inst.sensor_dec_inst.count_SB_LUT4_O_5_I0_SB_LUT4_O_I0_SB_LUT4_O_I0_SB_LUT4_O_I0_SB_LUT4_O_I0_SB_LUT4_O_I0_SB_LUT4_O_LC.I0
Info:                Defined in:
Info:                  /home/ahmet-bedri/Documents/oss-cad-suite/lib/../share/yosys/ice40/cells_map.v:6.21-6.22
Info:  0.4 16.1  Source sense_module_inst.sensor_dec_inst.count_SB_LUT4_O_5_I0_SB_LUT4_O_I0_SB_LUT4_O_I0_SB_LUT4_O_I0_SB_LUT4_O_I0_SB_LUT4_O_I0_SB_LUT4_O_LC.O
Info:  0.6 16.7    Net sense_module_inst.sensor_dec_inst.count_SB_LUT4_O_5_I0_SB_LUT4_O_I0_SB_LUT4_O_I0_SB_LUT4_O_I0_SB_LUT4_O_I0_SB_LUT4_O_I0[0] budget 0.517000 ns (2,31) -> (2,31)
Info:                Sink sense_module_inst.sensor_dec_inst.count_SB_LUT4_O_5_I0_SB_LUT4_O_I0_SB_LUT4_O_I0_SB_LUT4_O_I0_SB_LUT4_O_I0_SB_LUT4_O_LC.I0
Info:                Defined in:
Info:                  /home/ahmet-bedri/Documents/oss-cad-suite/lib/../share/yosys/ice40/cells_map.v:6.21-6.22
Info:  0.4 17.1  Source sense_module_inst.sensor_dec_inst.count_SB_LUT4_O_5_I0_SB_LUT4_O_I0_SB_LUT4_O_I0_SB_LUT4_O_I0_SB_LUT4_O_I0_SB_LUT4_O_LC.O
Info:  0.6 17.7    Net sense_module_inst.sensor_dec_inst.count_SB_LUT4_O_5_I0_SB_LUT4_O_I0_SB_LUT4_O_I0_SB_LUT4_O_I0_SB_LUT4_O_I0[0] budget 0.517000 ns (2,31) -> (3,30)
Info:                Sink sense_module_inst.sensor_dec_inst.count_SB_LUT4_O_5_I0_SB_LUT4_O_I0_SB_LUT4_O_I0_SB_LUT4_O_I0_SB_LUT4_O_LC.I0
Info:                Defined in:
Info:                  /home/ahmet-bedri/Documents/oss-cad-suite/lib/../share/yosys/ice40/cells_map.v:6.21-6.22
Info:  0.4 18.2  Source sense_module_inst.sensor_dec_inst.count_SB_LUT4_O_5_I0_SB_LUT4_O_I0_SB_LUT4_O_I0_SB_LUT4_O_I0_SB_LUT4_O_LC.O
Info:  0.6 18.7    Net sense_module_inst.sensor_dec_inst.count_SB_LUT4_O_5_I0_SB_LUT4_O_I0_SB_LUT4_O_I0_SB_LUT4_O_I0[0] budget 0.517000 ns (3,30) -> (3,31)
Info:                Sink sense_module_inst.sensor_dec_inst.count_SB_LUT4_O_5_I0_SB_LUT4_O_I0_SB_LUT4_O_I0_SB_LUT4_O_LC.I0
Info:                Defined in:
Info:                  /home/ahmet-bedri/Documents/oss-cad-suite/lib/../share/yosys/ice40/cells_map.v:6.21-6.22
Info:  0.4 19.2  Source sense_module_inst.sensor_dec_inst.count_SB_LUT4_O_5_I0_SB_LUT4_O_I0_SB_LUT4_O_I0_SB_LUT4_O_LC.O
Info:  0.6 19.8    Net sense_module_inst.sensor_dec_inst.count_SB_LUT4_O_5_I0_SB_LUT4_O_I0_SB_LUT4_O_I0[0] budget 0.517000 ns (3,31) -> (3,31)
Info:                Sink sense_module_inst.sensor_dec_inst.count_SB_LUT4_O_5_I0_SB_LUT4_O_I0_SB_LUT4_O_LC.I0
Info:                Defined in:
Info:                  /home/ahmet-bedri/Documents/oss-cad-suite/lib/../share/yosys/ice40/cells_map.v:6.21-6.22
Info:  0.4 20.2  Source sense_module_inst.sensor_dec_inst.count_SB_LUT4_O_5_I0_SB_LUT4_O_I0_SB_LUT4_O_LC.O
Info:  0.6 20.8    Net sense_module_inst.sensor_dec_inst.count_SB_LUT4_O_5_I0_SB_LUT4_O_I0[0] budget 0.517000 ns (3,31) -> (3,31)
Info:                Sink sense_module_inst.sensor_dec_inst.count_SB_LUT4_O_5_I0_SB_LUT4_O_LC.I0
Info:                Defined in:
Info:                  /home/ahmet-bedri/Documents/oss-cad-suite/lib/../share/yosys/ice40/cells_map.v:6.21-6.22
Info:  0.4 21.3  Source sense_module_inst.sensor_dec_inst.count_SB_LUT4_O_5_I0_SB_LUT4_O_LC.O
Info:  0.6 21.8    Net sense_module_inst.sensor_dec_inst.count_SB_LUT4_O_5_I0[0] budget 0.517000 ns (3,31) -> (3,32)
Info:                Sink sense_module_inst.sensor_dec_inst.count_SB_LUT4_O_5_LC.I0
Info:                Defined in:
Info:                  /home/ahmet-bedri/Documents/oss-cad-suite/lib/../share/yosys/ice40/cells_map.v:6.21-6.22
Info:  0.5 22.3  Setup sense_module_inst.sensor_dec_inst.count_SB_LUT4_O_5_LC.I0
Info: 10.0 ns logic, 12.3 ns routing

Info: Critical path report for cross-domain path '<async>' -> 'posedge CLK$SB_IO_IN_$glb_clk':
Info: curr total
Info:  0.0  0.0  Source RST$sb_io.D_IN_0
Info:  3.2  3.2    Net RST$SB_IO_IN budget 6.573000 ns (26,33) -> (5,25)
Info:                Sink uart_inst.rxrdyout_SB_LUT4_I2_LC.I1
Info:                Defined in:
Info:                  /home/ahmet-bedri/Documents/oss-cad-suite/lib/../share/yosys/ice40/cells_map.v:6.21-6.22
Info:  0.4  3.6  Source uart_inst.rxrdyout_SB_LUT4_I2_LC.O
Info:  2.0  5.6    Net uart_inst.rxrdyout_SB_LUT4_I2_O budget 2.189000 ns (5,25) -> (17,33)
Info:                Sink $gbuf_uart_inst.rxrdyout_SB_LUT4_I2_O_$glb_ce.USER_SIGNAL_TO_GLOBAL_BUFFER
Info:  0.6  6.3  Source $gbuf_uart_inst.rxrdyout_SB_LUT4_I2_O_$glb_ce.GLOBAL_BUFFER_OUTPUT
Info:  0.6  6.9    Net uart_inst.rxrdyout_SB_LUT4_I2_O_$glb_ce budget 2.189000 ns (17,33) -> (11,15)
Info:                Sink sense_module_inst.aes_din_SB_DFFE_Q_D_SB_LUT4_O_LC.CEN
Info:  0.1  7.0  Setup sense_module_inst.aes_din_SB_DFFE_Q_D_SB_LUT4_O_LC.CEN
Info: 1.1 ns logic, 5.8 ns routing

Info: Critical path report for cross-domain path '<async>' -> 'posedge sense_module_inst.clk48m_$glb_clk':
Info: curr total
Info:  0.0  0.0  Source RST$sb_io.D_IN_0
Info:  3.0  3.0    Net RST$SB_IO_IN budget 10.178000 ns (26,33) -> (5,26)
Info:                Sink sense_module_inst.data_to_bram_SB_DFFE_Q_E_SB_LUT4_O_LC.I2
Info:                Defined in:
Info:                  /home/ahmet-bedri/Documents/oss-cad-suite/lib/../share/yosys/ice40/cells_map.v:6.21-6.22
Info:  0.4  3.4  Source sense_module_inst.data_to_bram_SB_DFFE_Q_E_SB_LUT4_O_LC.O
Info:  1.8  5.2    Net sense_module_inst.data_to_bram_SB_DFFE_Q_E budget 6.493000 ns (5,26) -> (5,25)
Info:                Sink sense_module_inst.data_to_bram_SB_DFFE_Q_DFFLC.CEN
Info:  0.1  5.3  Setup sense_module_inst.data_to_bram_SB_DFFE_Q_DFFLC.CEN
Info: 0.5 ns logic, 4.9 ns routing

Info: Critical path report for cross-domain path 'posedge CLK$SB_IO_IN_$glb_clk' -> '<async>':
Info: curr total
Info:  0.5  0.5  Source blinker_SB_LUT4_I3_LC.O
Info:  3.1  3.7    Net LED[0]$SB_IO_OUT budget 20.292999 ns (13,14) -> (7,33)
Info:                Sink LED[0]$sb_io.D_OUT_0
Info:                Defined in:
Info:                  top_level.v:16.6-16.13
Info: 0.5 ns logic, 3.1 ns routing

Info: Critical path report for cross-domain path 'posedge CLK$SB_IO_IN_$glb_clk' -> 'posedge sense_module_inst.clk48m_$glb_clk':
Info: curr total
Info:  0.5  0.5  Source sense_module_inst.aes_inst.round_SB_DFFER_Q_D_SB_LUT4_O_2_LC.O
Info:  0.6  1.1    Net sense_module_inst.aes_inst.round[1] budget 6.493000 ns (5,27) -> (4,27)
Info:                Sink sense_module_inst.aes_inst.lastround_SB_LUT4_O_LC.I1
Info:                Defined in:
Info:                  top_level.v:36.15-47.4
Info:                  aes/aes.v:18.12-18.17
Info:                  sense_module.v:37.6-37.163
Info:  0.4  1.5  Source sense_module_inst.aes_inst.lastround_SB_LUT4_O_LC.O
Info:  0.6  2.1    Net sense_module_inst.aes_lastround budget 6.493000 ns (4,27) -> (5,26)
Info:                Sink sense_module_inst.data_to_bram_SB_DFFE_Q_E_SB_LUT4_O_LC.I3
Info:                Defined in:
Info:                  top_level.v:36.15-47.4
Info:                  sense_module.v:34.7-34.20
Info:  0.3  2.4  Source sense_module_inst.data_to_bram_SB_DFFE_Q_E_SB_LUT4_O_LC.O
Info:  1.8  4.3    Net sense_module_inst.data_to_bram_SB_DFFE_Q_E budget 6.493000 ns (5,26) -> (5,25)
Info:                Sink sense_module_inst.data_to_bram_SB_DFFE_Q_DFFLC.CEN
Info:  0.1  4.4  Setup sense_module_inst.data_to_bram_SB_DFFE_Q_DFFLC.CEN
Info: 1.4 ns logic, 3.0 ns routing

Info: Critical path report for cross-domain path 'posedge CLK$SB_IO_IN_$glb_clk' -> 'negedge sense_module_inst.clk48m_$glb_clk':
Info: curr total
Info:  0.5  0.5  Source sense_module_inst.ena_sense_SB_DFFER_Q_DFFLC.O
Info:  0.6  1.1    Net sense_module_inst.ena_sense budget 9.478000 ns (2,22) -> (1,22)
Info:                Sink sense_module_inst.sensor_inst.line[1].genblk1.genblk1.linelut_LC.I2
Info:                Defined in:
Info:                  top_level.v:36.15-47.4
Info:                  latticesense.v:9.8-9.13
Info:                  sense_module.v:83.15-83.80
Info:  0.2  1.4  Source sense_module_inst.sensor_inst.line[1].genblk1.genblk1.linelut_LC.COUT
Info:  0.0  1.4    Net sense_module_inst.sensor_inst.lineconn[1] budget 0.000000 ns (1,22) -> (1,22)
Info:                Sink sense_module_inst.sensor_inst.line[2].genblk1.genblk1.linelut_LC.CIN
Info:                Defined in:
Info:                  top_level.v:36.15-47.4
Info:                  latticesense.v:14.21-14.29
Info:                  sense_module.v:83.15-83.80
Info:  0.1  1.5  Source sense_module_inst.sensor_inst.line[2].genblk1.genblk1.linelut_LC.COUT
Info:  0.0  1.5    Net sense_module_inst.sensor_inst.lineconn[2] budget 0.000000 ns (1,22) -> (1,22)
Info:                Sink sense_module_inst.sensor_inst.line[3].genblk1.genblk1.linelut_LC.CIN
Info:                Defined in:
Info:                  top_level.v:36.15-47.4
Info:                  latticesense.v:14.21-14.29
Info:                  sense_module.v:83.15-83.80
Info:  0.1  1.6  Source sense_module_inst.sensor_inst.line[3].genblk1.genblk1.linelut_LC.COUT
Info:  0.0  1.6    Net sense_module_inst.sensor_inst.lineconn[3] budget 0.000000 ns (1,22) -> (1,22)
Info:                Sink sense_module_inst.sensor_inst.line[4].genblk1.genblk1.linelut_LC.CIN
Info:                Defined in:
Info:                  top_level.v:36.15-47.4
Info:                  latticesense.v:14.21-14.29
Info:                  sense_module.v:83.15-83.80
Info:  0.1  1.7  Source sense_module_inst.sensor_inst.line[4].genblk1.genblk1.linelut_LC.COUT
Info:  0.0  1.7    Net sense_module_inst.sensor_inst.lineconn[4] budget 0.000000 ns (1,22) -> (1,22)
Info:                Sink sense_module_inst.sensor_inst.line[5].genblk1.genblk1.linelut_LC.CIN
Info:                Defined in:
Info:                  top_level.v:36.15-47.4
Info:                  latticesense.v:14.21-14.29
Info:                  sense_module.v:83.15-83.80
Info:  0.1  1.9  Source sense_module_inst.sensor_inst.line[5].genblk1.genblk1.linelut_LC.COUT
Info:  0.0  1.9    Net sense_module_inst.sensor_inst.lineconn[5] budget 0.000000 ns (1,22) -> (1,22)
Info:                Sink sense_module_inst.sensor_inst.line[6].genblk1.genblk1.linelut_LC.CIN
Info:                Defined in:
Info:                  top_level.v:36.15-47.4
Info:                  latticesense.v:14.21-14.29
Info:                  sense_module.v:83.15-83.80
Info:  0.1  2.0  Source sense_module_inst.sensor_inst.line[6].genblk1.genblk1.linelut_LC.COUT
Info:  0.0  2.0    Net sense_module_inst.sensor_inst.lineconn[6] budget 0.000000 ns (1,22) -> (1,22)
Info:                Sink sense_module_inst.sensor_inst.line[7].genblk1.genblk1.linelut_LC.CIN
Info:                Defined in:
Info:                  top_level.v:36.15-47.4
Info:                  latticesense.v:14.21-14.29
Info:                  sense_module.v:83.15-83.80
Info:  0.1  2.1  Source sense_module_inst.sensor_inst.line[7].genblk1.genblk1.linelut_LC.COUT
Info:  0.2  2.3    Net sense_module_inst.sensor_inst.lineconn[7] budget 0.190000 ns (1,22) -> (1,23)
Info:                Sink sense_module_inst.sensor_inst.line[8].genblk1.genblk1.linelut_LC.CIN
Info:                Defined in:
Info:                  top_level.v:36.15-47.4
Info:                  latticesense.v:14.21-14.29
Info:                  sense_module.v:83.15-83.80
Info:  0.1  2.4  Source sense_module_inst.sensor_inst.line[8].genblk1.genblk1.linelut_LC.COUT
Info:  0.0  2.4    Net sense_module_inst.sensor_inst.lineconn[8] budget 0.000000 ns (1,23) -> (1,23)
Info:                Sink sense_module_inst.sensor_inst.line[9].genblk1.genblk1.linelut_LC.CIN
Info:                Defined in:
Info:                  top_level.v:36.15-47.4
Info:                  latticesense.v:14.21-14.29
Info:                  sense_module.v:83.15-83.80
Info:  0.1  2.6  Source sense_module_inst.sensor_inst.line[9].genblk1.genblk1.linelut_LC.COUT
Info:  0.0  2.6    Net sense_module_inst.sensor_inst.lineconn[9] budget 0.000000 ns (1,23) -> (1,23)
Info:                Sink sense_module_inst.sensor_inst.line[10].genblk1.genblk1.linelut_LC.CIN
Info:                Defined in:
Info:                  top_level.v:36.15-47.4
Info:                  latticesense.v:14.21-14.29
Info:                  sense_module.v:83.15-83.80
Info:  0.1  2.7  Source sense_module_inst.sensor_inst.line[10].genblk1.genblk1.linelut_LC.COUT
Info:  0.0  2.7    Net sense_module_inst.sensor_inst.lineconn[10] budget 0.000000 ns (1,23) -> (1,23)
Info:                Sink sense_module_inst.sensor_inst.line[11].genblk1.genblk1.linelut_LC.CIN
Info:                Defined in:
Info:                  top_level.v:36.15-47.4
Info:                  latticesense.v:14.21-14.29
Info:                  sense_module.v:83.15-83.80
Info:  0.1  2.8  Source sense_module_inst.sensor_inst.line[11].genblk1.genblk1.linelut_LC.COUT
Info:  0.0  2.8    Net sense_module_inst.sensor_inst.lineconn[11] budget 0.000000 ns (1,23) -> (1,23)
Info:                Sink sense_module_inst.sensor_inst.line[12].genblk1.genblk1.linelut_LC.CIN
Info:                Defined in:
Info:                  top_level.v:36.15-47.4
Info:                  latticesense.v:14.21-14.29
Info:                  sense_module.v:83.15-83.80
Info:  0.1  2.9  Source sense_module_inst.sensor_inst.line[12].genblk1.genblk1.linelut_LC.COUT
Info:  0.0  2.9    Net sense_module_inst.sensor_inst.lineconn[12] budget 0.000000 ns (1,23) -> (1,23)
Info:                Sink sense_module_inst.sensor_inst.line[13].genblk1.genblk1.linelut_LC.CIN
Info:                Defined in:
Info:                  top_level.v:36.15-47.4
Info:                  latticesense.v:14.21-14.29
Info:                  sense_module.v:83.15-83.80
Info:  0.1  3.1  Source sense_module_inst.sensor_inst.line[13].genblk1.genblk1.linelut_LC.COUT
Info:  0.0  3.1    Net sense_module_inst.sensor_inst.lineconn[13] budget 0.000000 ns (1,23) -> (1,23)
Info:                Sink sense_module_inst.sensor_inst.line[14].genblk1.genblk1.linelut_LC.CIN
Info:                Defined in:
Info:                  top_level.v:36.15-47.4
Info:                  latticesense.v:14.21-14.29
Info:                  sense_module.v:83.15-83.80
Info:  0.1  3.2  Source sense_module_inst.sensor_inst.line[14].genblk1.genblk1.linelut_LC.COUT
Info:  0.0  3.2    Net sense_module_inst.sensor_inst.lineconn[14] budget 0.000000 ns (1,23) -> (1,23)
Info:                Sink sense_module_inst.sensor_inst.line[15].genblk1.genblk1.linelut_LC.CIN
Info:                Defined in:
Info:                  top_level.v:36.15-47.4
Info:                  latticesense.v:14.21-14.29
Info:                  sense_module.v:83.15-83.80
Info:  0.1  3.3  Source sense_module_inst.sensor_inst.line[15].genblk1.genblk1.linelut_LC.COUT
Info:  0.2  3.5    Net sense_module_inst.sensor_inst.lineconn[15] budget 0.190000 ns (1,23) -> (1,24)
Info:                Sink sense_module_inst.sensor_inst.line[16].genblk1.genblk1.linelut_LC.CIN
Info:                Defined in:
Info:                  top_level.v:36.15-47.4
Info:                  latticesense.v:14.21-14.29
Info:                  sense_module.v:83.15-83.80
Info:  0.1  3.6  Source sense_module_inst.sensor_inst.line[16].genblk1.genblk1.linelut_LC.COUT
Info:  0.0  3.6    Net sense_module_inst.sensor_inst.lineconn[16] budget 0.000000 ns (1,24) -> (1,24)
Info:                Sink sense_module_inst.sensor_inst.line[17].genblk1.genblk1.linelut_LC.CIN
Info:                Defined in:
Info:                  top_level.v:36.15-47.4
Info:                  latticesense.v:14.21-14.29
Info:                  sense_module.v:83.15-83.80
Info:  0.1  3.8  Source sense_module_inst.sensor_inst.line[17].genblk1.genblk1.linelut_LC.COUT
Info:  0.0  3.8    Net sense_module_inst.sensor_inst.lineconn[17] budget 0.000000 ns (1,24) -> (1,24)
Info:                Sink sense_module_inst.sensor_inst.line[18].genblk1.genblk1.linelut_LC.CIN
Info:                Defined in:
Info:                  top_level.v:36.15-47.4
Info:                  latticesense.v:14.21-14.29
Info:                  sense_module.v:83.15-83.80
Info:  0.1  3.9  Source sense_module_inst.sensor_inst.line[18].genblk1.genblk1.linelut_LC.COUT
Info:  0.0  3.9    Net sense_module_inst.sensor_inst.lineconn[18] budget 0.000000 ns (1,24) -> (1,24)
Info:                Sink sense_module_inst.sensor_inst.line[19].genblk1.genblk1.linelut_LC.CIN
Info:                Defined in:
Info:                  top_level.v:36.15-47.4
Info:                  latticesense.v:14.21-14.29
Info:                  sense_module.v:83.15-83.80
Info:  0.1  4.0  Source sense_module_inst.sensor_inst.line[19].genblk1.genblk1.linelut_LC.COUT
Info:  0.0  4.0    Net sense_module_inst.sensor_inst.lineconn[19] budget 0.000000 ns (1,24) -> (1,24)
Info:                Sink sense_module_inst.sensor_inst.line[20].genblk1.genblk1.linelut_LC.CIN
Info:                Defined in:
Info:                  top_level.v:36.15-47.4
Info:                  latticesense.v:14.21-14.29
Info:                  sense_module.v:83.15-83.80
Info:  0.1  4.1  Source sense_module_inst.sensor_inst.line[20].genblk1.genblk1.linelut_LC.COUT
Info:  0.0  4.1    Net sense_module_inst.sensor_inst.lineconn[20] budget 0.000000 ns (1,24) -> (1,24)
Info:                Sink sense_module_inst.sensor_inst.line[21].genblk1.genblk1.linelut_LC.CIN
Info:                Defined in:
Info:                  top_level.v:36.15-47.4
Info:                  latticesense.v:14.21-14.29
Info:                  sense_module.v:83.15-83.80
Info:  0.1  4.3  Source sense_module_inst.sensor_inst.line[21].genblk1.genblk1.linelut_LC.COUT
Info:  0.0  4.3    Net sense_module_inst.sensor_inst.lineconn[21] budget 0.000000 ns (1,24) -> (1,24)
Info:                Sink sense_module_inst.sensor_inst.line[22].genblk1.genblk1.linelut_LC.CIN
Info:                Defined in:
Info:                  top_level.v:36.15-47.4
Info:                  latticesense.v:14.21-14.29
Info:                  sense_module.v:83.15-83.80
Info:  0.1  4.4  Source sense_module_inst.sensor_inst.line[22].genblk1.genblk1.linelut_LC.COUT
Info:  0.0  4.4    Net sense_module_inst.sensor_inst.lineconn[22] budget 0.000000 ns (1,24) -> (1,24)
Info:                Sink sense_module_inst.sensor_inst.line[23].genblk1.genblk1.linelut_LC.CIN
Info:                Defined in:
Info:                  top_level.v:36.15-47.4
Info:                  latticesense.v:14.21-14.29
Info:                  sense_module.v:83.15-83.80
Info:  0.1  4.5  Source sense_module_inst.sensor_inst.line[23].genblk1.genblk1.linelut_LC.COUT
Info:  0.2  4.7    Net sense_module_inst.sensor_inst.lineconn[23] budget 0.190000 ns (1,24) -> (1,25)
Info:                Sink sense_module_inst.sensor_inst.line[24].genblk1.genblk1.linelut_LC.CIN
Info:                Defined in:
Info:                  top_level.v:36.15-47.4
Info:                  latticesense.v:14.21-14.29
Info:                  sense_module.v:83.15-83.80
Info:  0.1  4.8  Source sense_module_inst.sensor_inst.line[24].genblk1.genblk1.linelut_LC.COUT
Info:  0.0  4.8    Net sense_module_inst.sensor_inst.lineconn[24] budget 0.000000 ns (1,25) -> (1,25)
Info:                Sink sense_module_inst.sensor_inst.line[25].genblk1.genblk1.linelut_LC.CIN
Info:                Defined in:
Info:                  top_level.v:36.15-47.4
Info:                  latticesense.v:14.21-14.29
Info:                  sense_module.v:83.15-83.80
Info:  0.1  5.0  Source sense_module_inst.sensor_inst.line[25].genblk1.genblk1.linelut_LC.COUT
Info:  0.0  5.0    Net sense_module_inst.sensor_inst.lineconn[25] budget 0.000000 ns (1,25) -> (1,25)
Info:                Sink sense_module_inst.sensor_inst.line[26].genblk1.genblk1.linelut_LC.CIN
Info:                Defined in:
Info:                  top_level.v:36.15-47.4
Info:                  latticesense.v:14.21-14.29
Info:                  sense_module.v:83.15-83.80
Info:  0.1  5.1  Source sense_module_inst.sensor_inst.line[26].genblk1.genblk1.linelut_LC.COUT
Info:  0.0  5.1    Net sense_module_inst.sensor_inst.lineconn[26] budget 0.000000 ns (1,25) -> (1,25)
Info:                Sink sense_module_inst.sensor_inst.line[27].genblk1.genblk1.linelut_LC.CIN
Info:                Defined in:
Info:                  top_level.v:36.15-47.4
Info:                  latticesense.v:14.21-14.29
Info:                  sense_module.v:83.15-83.80
Info:  0.1  5.2  Source sense_module_inst.sensor_inst.line[27].genblk1.genblk1.linelut_LC.COUT
Info:  0.0  5.2    Net sense_module_inst.sensor_inst.lineconn[27] budget 0.000000 ns (1,25) -> (1,25)
Info:                Sink sense_module_inst.sensor_inst.line[28].genblk1.genblk1.linelut_LC.CIN
Info:                Defined in:
Info:                  top_level.v:36.15-47.4
Info:                  latticesense.v:14.21-14.29
Info:                  sense_module.v:83.15-83.80
Info:  0.1  5.3  Source sense_module_inst.sensor_inst.line[28].genblk1.genblk1.linelut_LC.COUT
Info:  0.0  5.3    Net sense_module_inst.sensor_inst.lineconn[28] budget 0.000000 ns (1,25) -> (1,25)
Info:                Sink sense_module_inst.sensor_inst.line[29].genblk1.genblk1.linelut_LC.CIN
Info:                Defined in:
Info:                  top_level.v:36.15-47.4
Info:                  latticesense.v:14.21-14.29
Info:                  sense_module.v:83.15-83.80
Info:  0.1  5.5  Source sense_module_inst.sensor_inst.line[29].genblk1.genblk1.linelut_LC.COUT
Info:  0.0  5.5    Net sense_module_inst.sensor_inst.lineconn[29] budget 0.000000 ns (1,25) -> (1,25)
Info:                Sink sense_module_inst.sensor_inst.line[30].genblk1.genblk1.linelut_LC.CIN
Info:                Defined in:
Info:                  top_level.v:36.15-47.4
Info:                  latticesense.v:14.21-14.29
Info:                  sense_module.v:83.15-83.80
Info:  0.1  5.6  Source sense_module_inst.sensor_inst.line[30].genblk1.genblk1.linelut_LC.COUT
Info:  0.0  5.6    Net sense_module_inst.sensor_inst.lineconn[30] budget 0.000000 ns (1,25) -> (1,25)
Info:                Sink sense_module_inst.sensor_inst.line[31].genblk1.genblk1.linelut_LC.CIN
Info:                Defined in:
Info:                  top_level.v:36.15-47.4
Info:                  latticesense.v:14.21-14.29
Info:                  sense_module.v:83.15-83.80
Info:  0.1  5.7  Source sense_module_inst.sensor_inst.line[31].genblk1.genblk1.linelut_LC.COUT
Info:  0.2  5.9    Net sense_module_inst.sensor_inst.lineconn[31] budget 0.190000 ns (1,25) -> (1,26)
Info:                Sink sense_module_inst.sensor_inst.line[32].genblk1.genblk1.linelut_LC.CIN
Info:                Defined in:
Info:                  top_level.v:36.15-47.4
Info:                  latticesense.v:14.21-14.29
Info:                  sense_module.v:83.15-83.80
Info:  0.1  6.0  Source sense_module_inst.sensor_inst.line[32].genblk1.genblk1.linelut_LC.COUT
Info:  0.0  6.0    Net sense_module_inst.sensor_inst.lineconn[32] budget 0.000000 ns (1,26) -> (1,26)
Info:                Sink sense_module_inst.sensor_inst.line[33].genblk1.genblk1.linelut_LC.CIN
Info:                Defined in:
Info:                  top_level.v:36.15-47.4
Info:                  latticesense.v:14.21-14.29
Info:                  sense_module.v:83.15-83.80
Info:  0.1  6.2  Source sense_module_inst.sensor_inst.line[33].genblk1.genblk1.linelut_LC.COUT
Info:  0.0  6.2    Net sense_module_inst.sensor_inst.lineconn[33] budget 0.000000 ns (1,26) -> (1,26)
Info:                Sink sense_module_inst.sensor_inst.line[34].genblk1.genblk1.linelut_LC.CIN
Info:                Defined in:
Info:                  top_level.v:36.15-47.4
Info:                  latticesense.v:14.21-14.29
Info:                  sense_module.v:83.15-83.80
Info:  0.1  6.3  Source sense_module_inst.sensor_inst.line[34].genblk1.genblk1.linelut_LC.COUT
Info:  0.0  6.3    Net sense_module_inst.sensor_inst.lineconn[34] budget 0.000000 ns (1,26) -> (1,26)
Info:                Sink sense_module_inst.sensor_inst.line[35].genblk1.genblk1.linelut_LC.CIN
Info:                Defined in:
Info:                  top_level.v:36.15-47.4
Info:                  latticesense.v:14.21-14.29
Info:                  sense_module.v:83.15-83.80
Info:  0.1  6.4  Source sense_module_inst.sensor_inst.line[35].genblk1.genblk1.linelut_LC.COUT
Info:  0.0  6.4    Net sense_module_inst.sensor_inst.lineconn[35] budget 0.000000 ns (1,26) -> (1,26)
Info:                Sink sense_module_inst.sensor_inst.line[36].genblk1.genblk1.linelut_LC.CIN
Info:                Defined in:
Info:                  top_level.v:36.15-47.4
Info:                  latticesense.v:14.21-14.29
Info:                  sense_module.v:83.15-83.80
Info:  0.1  6.6  Source sense_module_inst.sensor_inst.line[36].genblk1.genblk1.linelut_LC.COUT
Info:  0.0  6.6    Net sense_module_inst.sensor_inst.lineconn[36] budget 0.000000 ns (1,26) -> (1,26)
Info:                Sink sense_module_inst.sensor_inst.line[37].genblk1.genblk1.linelut_LC.CIN
Info:                Defined in:
Info:                  top_level.v:36.15-47.4
Info:                  latticesense.v:14.21-14.29
Info:                  sense_module.v:83.15-83.80
Info:  0.1  6.7  Source sense_module_inst.sensor_inst.line[37].genblk1.genblk1.linelut_LC.COUT
Info:  0.0  6.7    Net sense_module_inst.sensor_inst.lineconn[37] budget 0.000000 ns (1,26) -> (1,26)
Info:                Sink sense_module_inst.sensor_inst.line[38].genblk1.genblk1.linelut_LC.CIN
Info:                Defined in:
Info:                  top_level.v:36.15-47.4
Info:                  latticesense.v:14.21-14.29
Info:                  sense_module.v:83.15-83.80
Info:  0.1  6.8  Source sense_module_inst.sensor_inst.line[38].genblk1.genblk1.linelut_LC.COUT
Info:  0.0  6.8    Net sense_module_inst.sensor_inst.lineconn[38] budget 0.000000 ns (1,26) -> (1,26)
Info:                Sink sense_module_inst.sensor_inst.line[39].genblk1.genblk1.linelut_LC.CIN
Info:                Defined in:
Info:                  top_level.v:36.15-47.4
Info:                  latticesense.v:14.21-14.29
Info:                  sense_module.v:83.15-83.80
Info:  0.1  6.9  Source sense_module_inst.sensor_inst.line[39].genblk1.genblk1.linelut_LC.COUT
Info:  0.2  7.1    Net sense_module_inst.sensor_inst.lineconn[39] budget 0.190000 ns (1,26) -> (1,27)
Info:                Sink sense_module_inst.sensor_inst.line[40].genblk1.genblk1.linelut_LC.CIN
Info:                Defined in:
Info:                  top_level.v:36.15-47.4
Info:                  latticesense.v:14.21-14.29
Info:                  sense_module.v:83.15-83.80
Info:  0.1  7.3  Source sense_module_inst.sensor_inst.line[40].genblk1.genblk1.linelut_LC.COUT
Info:  0.0  7.3    Net sense_module_inst.sensor_inst.lineconn[40] budget 0.000000 ns (1,27) -> (1,27)
Info:                Sink sense_module_inst.sensor_inst.line[41].genblk1.genblk1.linelut_LC.CIN
Info:                Defined in:
Info:                  top_level.v:36.15-47.4
Info:                  latticesense.v:14.21-14.29
Info:                  sense_module.v:83.15-83.80
Info:  0.1  7.4  Source sense_module_inst.sensor_inst.line[41].genblk1.genblk1.linelut_LC.COUT
Info:  0.0  7.4    Net sense_module_inst.sensor_inst.lineconn[41] budget 0.000000 ns (1,27) -> (1,27)
Info:                Sink sense_module_inst.sensor_inst.line[42].genblk1.genblk1.linelut_LC.CIN
Info:                Defined in:
Info:                  top_level.v:36.15-47.4
Info:                  latticesense.v:14.21-14.29
Info:                  sense_module.v:83.15-83.80
Info:  0.1  7.5  Source sense_module_inst.sensor_inst.line[42].genblk1.genblk1.linelut_LC.COUT
Info:  0.0  7.5    Net sense_module_inst.sensor_inst.lineconn[42] budget 0.000000 ns (1,27) -> (1,27)
Info:                Sink sense_module_inst.sensor_inst.line[43].genblk1.genblk1.linelut_LC.CIN
Info:                Defined in:
Info:                  top_level.v:36.15-47.4
Info:                  latticesense.v:14.21-14.29
Info:                  sense_module.v:83.15-83.80
Info:  0.1  7.6  Source sense_module_inst.sensor_inst.line[43].genblk1.genblk1.linelut_LC.COUT
Info:  0.0  7.6    Net sense_module_inst.sensor_inst.lineconn[43] budget 0.000000 ns (1,27) -> (1,27)
Info:                Sink sense_module_inst.sensor_inst.line[44].genblk1.genblk1.linelut_LC.CIN
Info:                Defined in:
Info:                  top_level.v:36.15-47.4
Info:                  latticesense.v:14.21-14.29
Info:                  sense_module.v:83.15-83.80
Info:  0.1  7.8  Source sense_module_inst.sensor_inst.line[44].genblk1.genblk1.linelut_LC.COUT
Info:  0.0  7.8    Net sense_module_inst.sensor_inst.lineconn[44] budget 0.000000 ns (1,27) -> (1,27)
Info:                Sink sense_module_inst.sensor_inst.line[45].genblk1.genblk1.linelut_LC.CIN
Info:                Defined in:
Info:                  top_level.v:36.15-47.4
Info:                  latticesense.v:14.21-14.29
Info:                  sense_module.v:83.15-83.80
Info:  0.1  7.9  Source sense_module_inst.sensor_inst.line[45].genblk1.genblk1.linelut_LC.COUT
Info:  0.0  7.9    Net sense_module_inst.sensor_inst.lineconn[45] budget 0.000000 ns (1,27) -> (1,27)
Info:                Sink sense_module_inst.sensor_inst.line[46].genblk1.genblk1.linelut_LC.CIN
Info:                Defined in:
Info:                  top_level.v:36.15-47.4
Info:                  latticesense.v:14.21-14.29
Info:                  sense_module.v:83.15-83.80
Info:  0.1  8.0  Source sense_module_inst.sensor_inst.line[46].genblk1.genblk1.linelut_LC.COUT
Info:  0.0  8.0    Net sense_module_inst.sensor_inst.lineconn[46] budget 0.000000 ns (1,27) -> (1,27)
Info:                Sink sense_module_inst.sensor_inst.line[47].genblk1.genblk1.linelut_LC.CIN
Info:                Defined in:
Info:                  top_level.v:36.15-47.4
Info:                  latticesense.v:14.21-14.29
Info:                  sense_module.v:83.15-83.80
Info:  0.1  8.1  Source sense_module_inst.sensor_inst.line[47].genblk1.genblk1.linelut_LC.COUT
Info:  0.2  8.3    Net sense_module_inst.sensor_inst.lineconn[47] budget 0.190000 ns (1,27) -> (1,28)
Info:                Sink sense_module_inst.sensor_inst.line[48].genblk1.genblk1.linelut_LC.CIN
Info:                Defined in:
Info:                  top_level.v:36.15-47.4
Info:                  latticesense.v:14.21-14.29
Info:                  sense_module.v:83.15-83.80
Info:  0.1  8.5  Source sense_module_inst.sensor_inst.line[48].genblk1.genblk1.linelut_LC.COUT
Info:  0.0  8.5    Net sense_module_inst.sensor_inst.lineconn[48] budget 0.000000 ns (1,28) -> (1,28)
Info:                Sink sense_module_inst.sensor_inst.line[49].genblk1.genblk1.linelut_LC.CIN
Info:                Defined in:
Info:                  top_level.v:36.15-47.4
Info:                  latticesense.v:14.21-14.29
Info:                  sense_module.v:83.15-83.80
Info:  0.1  8.6  Source sense_module_inst.sensor_inst.line[49].genblk1.genblk1.linelut_LC.COUT
Info:  0.0  8.6    Net sense_module_inst.sensor_inst.lineconn[49] budget 0.000000 ns (1,28) -> (1,28)
Info:                Sink sense_module_inst.sensor_inst.line[50].genblk1.genblk1.linelut_LC.CIN
Info:                Defined in:
Info:                  top_level.v:36.15-47.4
Info:                  latticesense.v:14.21-14.29
Info:                  sense_module.v:83.15-83.80
Info:  0.1  8.7  Source sense_module_inst.sensor_inst.line[50].genblk1.genblk1.linelut_LC.COUT
Info:  0.0  8.7    Net sense_module_inst.sensor_inst.lineconn[50] budget 0.000000 ns (1,28) -> (1,28)
Info:                Sink sense_module_inst.sensor_inst.line[51].genblk1.genblk1.linelut_LC.CIN
Info:                Defined in:
Info:                  top_level.v:36.15-47.4
Info:                  latticesense.v:14.21-14.29
Info:                  sense_module.v:83.15-83.80
Info:  0.1  8.8  Source sense_module_inst.sensor_inst.line[51].genblk1.genblk1.linelut_LC.COUT
Info:  0.0  8.8    Net sense_module_inst.sensor_inst.lineconn[51] budget 0.000000 ns (1,28) -> (1,28)
Info:                Sink sense_module_inst.sensor_inst.line[52].genblk1.genblk1.linelut_LC.CIN
Info:                Defined in:
Info:                  top_level.v:36.15-47.4
Info:                  latticesense.v:14.21-14.29
Info:                  sense_module.v:83.15-83.80
Info:  0.1  9.0  Source sense_module_inst.sensor_inst.line[52].genblk1.genblk1.linelut_LC.COUT
Info:  0.0  9.0    Net sense_module_inst.sensor_inst.lineconn[52] budget 0.000000 ns (1,28) -> (1,28)
Info:                Sink sense_module_inst.sensor_inst.line[53].genblk1.genblk1.linelut_LC.CIN
Info:                Defined in:
Info:                  top_level.v:36.15-47.4
Info:                  latticesense.v:14.21-14.29
Info:                  sense_module.v:83.15-83.80
Info:  0.1  9.1  Source sense_module_inst.sensor_inst.line[53].genblk1.genblk1.linelut_LC.COUT
Info:  0.0  9.1    Net sense_module_inst.sensor_inst.lineconn[53] budget 0.000000 ns (1,28) -> (1,28)
Info:                Sink sense_module_inst.sensor_inst.line[54].genblk1.genblk1.linelut_LC.CIN
Info:                Defined in:
Info:                  top_level.v:36.15-47.4
Info:                  latticesense.v:14.21-14.29
Info:                  sense_module.v:83.15-83.80
Info:  0.1  9.2  Source sense_module_inst.sensor_inst.line[54].genblk1.genblk1.linelut_LC.COUT
Info:  0.0  9.2    Net sense_module_inst.sensor_inst.lineconn[54] budget 0.000000 ns (1,28) -> (1,28)
Info:                Sink sense_module_inst.sensor_inst.line[55].genblk1.genblk1.linelut_LC.CIN
Info:                Defined in:
Info:                  top_level.v:36.15-47.4
Info:                  latticesense.v:14.21-14.29
Info:                  sense_module.v:83.15-83.80
Info:  0.1  9.3  Source sense_module_inst.sensor_inst.line[55].genblk1.genblk1.linelut_LC.COUT
Info:  0.2  9.5    Net sense_module_inst.sensor_inst.lineconn[55] budget 0.190000 ns (1,28) -> (1,29)
Info:                Sink sense_module_inst.sensor_inst.line[56].genblk1.genblk1.linelut_LC.CIN
Info:                Defined in:
Info:                  top_level.v:36.15-47.4
Info:                  latticesense.v:14.21-14.29
Info:                  sense_module.v:83.15-83.80
Info:  0.1  9.7  Source sense_module_inst.sensor_inst.line[56].genblk1.genblk1.linelut_LC.COUT
Info:  0.0  9.7    Net sense_module_inst.sensor_inst.lineconn[56] budget 0.000000 ns (1,29) -> (1,29)
Info:                Sink sense_module_inst.sensor_inst.line[57].genblk1.genblk1.linelut_LC.CIN
Info:                Defined in:
Info:                  top_level.v:36.15-47.4
Info:                  latticesense.v:14.21-14.29
Info:                  sense_module.v:83.15-83.80
Info:  0.1  9.8  Source sense_module_inst.sensor_inst.line[57].genblk1.genblk1.linelut_LC.COUT
Info:  0.0  9.8    Net sense_module_inst.sensor_inst.lineconn[57] budget 0.000000 ns (1,29) -> (1,29)
Info:                Sink sense_module_inst.sensor_inst.line[58].genblk1.genblk1.linelut_LC.CIN
Info:                Defined in:
Info:                  top_level.v:36.15-47.4
Info:                  latticesense.v:14.21-14.29
Info:                  sense_module.v:83.15-83.80
Info:  0.1  9.9  Source sense_module_inst.sensor_inst.line[58].genblk1.genblk1.linelut_LC.COUT
Info:  0.0  9.9    Net sense_module_inst.sensor_inst.lineconn[58] budget 0.000000 ns (1,29) -> (1,29)
Info:                Sink sense_module_inst.sensor_inst.line[59].genblk1.genblk1.linelut_LC.CIN
Info:                Defined in:
Info:                  top_level.v:36.15-47.4
Info:                  latticesense.v:14.21-14.29
Info:                  sense_module.v:83.15-83.80
Info:  0.1 10.0  Source sense_module_inst.sensor_inst.line[59].genblk1.genblk1.linelut_LC.COUT
Info:  0.0 10.0    Net sense_module_inst.sensor_inst.lineconn[59] budget 0.000000 ns (1,29) -> (1,29)
Info:                Sink sense_module_inst.sensor_inst.line[60].genblk1.genblk1.linelut_LC.CIN
Info:                Defined in:
Info:                  top_level.v:36.15-47.4
Info:                  latticesense.v:14.21-14.29
Info:                  sense_module.v:83.15-83.80
Info:  0.1 10.2  Source sense_module_inst.sensor_inst.line[60].genblk1.genblk1.linelut_LC.COUT
Info:  0.0 10.2    Net sense_module_inst.sensor_inst.lineconn[60] budget 0.000000 ns (1,29) -> (1,29)
Info:                Sink sense_module_inst.sensor_inst.line[61].genblk1.genblk1.linelut_LC.CIN
Info:                Defined in:
Info:                  top_level.v:36.15-47.4
Info:                  latticesense.v:14.21-14.29
Info:                  sense_module.v:83.15-83.80
Info:  0.1 10.3  Source sense_module_inst.sensor_inst.line[61].genblk1.genblk1.linelut_LC.COUT
Info:  0.0 10.3    Net sense_module_inst.sensor_inst.lineconn[61] budget 0.000000 ns (1,29) -> (1,29)
Info:                Sink sense_module_inst.sensor_inst.line[62].genblk1.genblk1.linelut_LC.CIN
Info:                Defined in:
Info:                  top_level.v:36.15-47.4
Info:                  latticesense.v:14.21-14.29
Info:                  sense_module.v:83.15-83.80
Info:  0.1 10.4  Source sense_module_inst.sensor_inst.line[62].genblk1.genblk1.linelut_LC.COUT
Info:  0.0 10.4    Net sense_module_inst.sensor_inst.lineconn[62] budget 0.000000 ns (1,29) -> (1,29)
Info:                Sink sense_module_inst.sensor_inst.line[63].genblk1.genblk1.linelut_LC.CIN
Info:                Defined in:
Info:                  top_level.v:36.15-47.4
Info:                  latticesense.v:14.21-14.29
Info:                  sense_module.v:83.15-83.80
Info:  0.1 10.5  Source sense_module_inst.sensor_inst.line[63].genblk1.genblk1.linelut_LC.COUT
Info:  0.5 11.0    Net sense_module_inst.sensor_inst.lineconn[63] budget 0.560000 ns (1,29) -> (1,30)
Info:                Sink sense_module_inst.sensor_inst.line[64].genblk1.genblk1.linelut_LC.I3
Info:                Defined in:
Info:                  top_level.v:36.15-47.4
Info:                  latticesense.v:14.21-14.29
Info:                  sense_module.v:83.15-83.80
Info:  0.3 11.3  Setup sense_module_inst.sensor_inst.line[64].genblk1.genblk1.linelut_LC.I3
Info: 8.9 ns logic, 2.4 ns routing

Info: Critical path report for cross-domain path 'negedge sense_module_inst.clk48m_$glb_clk' -> '<async>':
Info: curr total
Info:  0.5  0.5  Source sense_module_inst.sensor_inst.line[1].genblk1.genblk1.linelut_LC.O
Info:  2.4  2.9    Net LED[1]$SB_IO_OUT budget 9.876000 ns (1,22) -> (6,33)
Info:                Sink LED[1]$sb_io.D_OUT_0
Info:                Defined in:
Info:                  top_level.v:11.13-11.23
Info: 0.5 ns logic, 2.4 ns routing

Warning: Max frequency for clock             'CLK$SB_IO_IN_$glb_clk': 41.50 MHz (FAIL at 48.00 MHz)
Warning: Max frequency for clock 'sense_module_inst.clk48m_$glb_clk': 44.81 MHz (FAIL at 48.00 MHz)

Info: Max delay <async>                                   -> posedge CLK$SB_IO_IN_$glb_clk            : 6.96 ns
Info: Max delay <async>                                   -> posedge sense_module_inst.clk48m_$glb_clk: 5.34 ns
Info: Max delay posedge CLK$SB_IO_IN_$glb_clk             -> <async>                                  : 3.65 ns
Info: Max delay posedge CLK$SB_IO_IN_$glb_clk             -> posedge sense_module_inst.clk48m_$glb_clk: 4.36 ns
Info: Max delay posedge CLK$SB_IO_IN_$glb_clk             -> negedge sense_module_inst.clk48m_$glb_clk: 11.33 ns
Info: Max delay negedge sense_module_inst.clk48m_$glb_clk -> <async>                                  : 2.93 ns

Info: Slack histogram:
Info:  legend: * represents 12 endpoint(s)
Info:          + represents [1,12) endpoint(s)
Info: [ -3261,  -2129) |+
Info: [ -2129,   -997) |**+
Info: [  -997,    135) |*****+
Info: [   135,   1267) |******+
Info: [  1267,   2399) |*******+
Info: [  2399,   3531) |*******+
Info: [  3531,   4663) |*****+
Info: [  4663,   5795) |*+
Info: [  5795,   6927) |+
Info: [  6927,   8059) |*+
Info: [  8059,   9191) |**********+
Info: [  9191,  10323) | 
Info: [ 10323,  11455) |************+
Info: [ 11455,  12587) |************+
Info: [ 12587,  13719) |*********+
Info: [ 13719,  14851) |*******************************************+
Info: [ 14851,  15983) |*********************************+
Info: [ 15983,  17115) |****************************+
Info: [ 17115,  18247) |************************************************+
Info: [ 18247,  19379) |************************************************************ 
2 warnings, 0 errors

Info: Program finished normally.
